INFO:root:read config
INFO:root:apikey=J1okPxXwdFoSvt9Bnz5V, device_id=python_RaspberryPi_89d270fc-c03b-11ed-92f1-dca632357e6a, platform=RaspberryPi
INFO:root:BierBot Bricks RaspberryPi client started.
INFO:root:setting GPIO to GPIO.BOARD
INFO:root:initializing relay 1 (GPIO 201)...
INFO:root:GPIO_NO= 201 STATE= 0
INFO:root:plugins read config
INFO:root:GPIO_NUM= 201
INFO:root:I = 0
INFO:root:Device Type= kasa   State= 0
INFO:root:Alias= PGPIO_1
INFO:root:GPIO_NUM= 202
INFO:root:GPIO_NUM= 203
INFO:root:initializing relay 2 (GPIO 202)...
INFO:root:GPIO_NO= 202 STATE= 0
INFO:root:plugins read config
INFO:root:GPIO_NUM= 201
INFO:root:GPIO_NUM= 202
INFO:root:I = 1
INFO:root:Device Type= kasa   State= 0
INFO:root:Alias= PGPIO_2
INFO:root:GPIO_NUM= 203
INFO:root:initializing relay 3 (GPIO 203)...
INFO:root:GPIO_NO= 203 STATE= 0
INFO:root:plugins read config
INFO:root:GPIO_NUM= 201
INFO:root:GPIO_NUM= 202
INFO:root:GPIO_NUM= 203
INFO:root:I = 2
INFO:root:Device Type= kasa   State= 0
INFO:root:Alias= PGPIO_3
INFO:root:checking for internet connection...
INFO:root:starting request
INFO:root:set relay 0 to 0
INFO:root:set relay 1 to 0
INFO:root:set relay 2 to 0
INFO:root:set tempsensor 0 with id 0300a279cd1d to 22.25
WARNING:root:relay key epower_0_state for relay idx=0 was expected but not in response. This is normal before activation.
INFO:root:setting relay 1 (GPIO 201) to 0...
INFO:root:GPIO_NO= 201 STATE= 0
INFO:root:plugins read config
INFO:root:GPIO_NUM= 201
INFO:root:I = 0
INFO:root:Device Type= kasa   State= 0
INFO:root:Alias= PGPIO_1
INFO:root:GPIO_NUM= 202
INFO:root:GPIO_NUM= 203
INFO:root:received new target state 1 for epower_1_state
INFO:root:setting relay 2 (GPIO 202) to 1...
INFO:root:GPIO_NO= 202 STATE= 1
INFO:root:plugins read config
INFO:root:GPIO_NUM= 201
INFO:root:GPIO_NUM= 202
INFO:root:I = 1
INFO:root:Device Type= kasa   State= 1
INFO:root:Alias= PGPIO_2
INFO:root:GPIO_NUM= 203
INFO:root:received new target state 0 for epower_2_state
INFO:root:setting relay 3 (GPIO 203) to 0...
INFO:root:GPIO_NO= 203 STATE= 0
INFO:root:plugins read config
INFO:root:GPIO_NUM= 201
INFO:root:GPIO_NUM= 202
INFO:root:GPIO_NUM= 203
INFO:root:I = 2
INFO:root:Device Type= kasa   State= 0
INFO:root:Alias= PGPIO_3
INFO:root:sleeping for 10000ms
INFO:root:starting request
INFO:root:set relay 0 to 0
INFO:root:set relay 1 to 1
INFO:root:set relay 2 to 0
INFO:root:set tempsensor 0 with id 0300a279cd1d to 22.3125
WARNING:root:relay key epower_0_state for relay idx=0 was expected but not in response. This is normal before activation.
INFO:root:setting relay 1 (GPIO 201) to 0...
INFO:root:GPIO_NO= 201 STATE= 0
INFO:root:plugins read config
INFO:root:GPIO_NUM= 201
INFO:root:I = 0
INFO:root:Device Type= kasa   State= 0
INFO:root:Alias= PGPIO_1
INFO:root:GPIO_NUM= 202
INFO:root:GPIO_NUM= 203
INFO:root:received new target state 1 for epower_1_state
INFO:root:setting relay 2 (GPIO 202) to 1...
INFO:root:GPIO_NO= 202 STATE= 1
INFO:root:plugins read config
INFO:root:GPIO_NUM= 201
INFO:root:GPIO_NUM= 202
INFO:root:I = 1
INFO:root:Device Type= kasa   State= 1
INFO:root:Alias= PGPIO_2
INFO:root:GPIO_NUM= 203
INFO:root:received new target state 0 for epower_2_state
INFO:root:setting relay 3 (GPIO 203) to 0...
INFO:root:GPIO_NO= 203 STATE= 0
INFO:root:plugins read config
INFO:root:GPIO_NUM= 201
INFO:root:GPIO_NUM= 202
INFO:root:GPIO_NUM= 203
INFO:root:I = 2
INFO:root:Device Type= kasa   State= 0
INFO:root:Alias= PGPIO_3
INFO:root:sleeping for 10000ms
INFO:root:starting request
INFO:root:set relay 0 to 0
INFO:root:set relay 1 to 1
INFO:root:set relay 2 to 0
INFO:root:set tempsensor 0 with id 0300a279cd1d to 22.3125
WARNING:root:relay key epower_0_state for relay idx=0 was expected but not in response. This is normal before activation.
INFO:root:setting relay 1 (GPIO 201) to 0...
INFO:root:GPIO_NO= 201 STATE= 0
INFO:root:plugins read config
INFO:root:GPIO_NUM= 201
INFO:root:I = 0
INFO:root:Device Type= kasa   State= 0
INFO:root:Alias= PGPIO_1
INFO:root:GPIO_NUM= 202
INFO:root:GPIO_NUM= 203
INFO:root:received new target state 1 for epower_1_state
INFO:root:setting relay 2 (GPIO 202) to 1...
INFO:root:GPIO_NO= 202 STATE= 1
INFO:root:plugins read config
INFO:root:GPIO_NUM= 201
INFO:root:GPIO_NUM= 202
INFO:root:I = 1
INFO:root:Device Type= kasa   State= 1
INFO:root:Alias= PGPIO_2
INFO:root:GPIO_NUM= 203
INFO:root:received new target state 0 for epower_2_state
INFO:root:setting relay 3 (GPIO 203) to 0...
INFO:root:GPIO_NO= 203 STATE= 0
INFO:root:plugins read config
INFO:root:GPIO_NUM= 201
INFO:root:GPIO_NUM= 202
INFO:root:GPIO_NUM= 203
INFO:root:I = 2
INFO:root:Device Type= kasa   State= 0
INFO:root:Alias= PGPIO_3
INFO:root:sleeping for 10000ms
INFO:root:starting request
INFO:root:set relay 0 to 0
INFO:root:set relay 1 to 1
INFO:root:set relay 2 to 0
INFO:root:set tempsensor 0 with id 0300a279cd1d to 22.375
WARNING:root:relay key epower_0_state for relay idx=0 was expected but not in response. This is normal before activation.
INFO:root:setting relay 1 (GPIO 201) to 0...
INFO:root:GPIO_NO= 201 STATE= 0
INFO:root:plugins read config
INFO:root:GPIO_NUM= 201
INFO:root:I = 0
INFO:root:Device Type= kasa   State= 0
INFO:root:Alias= PGPIO_1
INFO:root:GPIO_NUM= 202
INFO:root:GPIO_NUM= 203
INFO:root:received new target state 1 for epower_1_state
INFO:root:setting relay 2 (GPIO 202) to 1...
INFO:root:GPIO_NO= 202 STATE= 1
INFO:root:plugins read config
INFO:root:GPIO_NUM= 201
INFO:root:GPIO_NUM= 202
INFO:root:I = 1
INFO:root:Device Type= kasa   State= 1
INFO:root:Alias= PGPIO_2
INFO:root:GPIO_NUM= 203
INFO:root:received new target state 0 for epower_2_state
INFO:root:setting relay 3 (GPIO 203) to 0...
INFO:root:GPIO_NO= 203 STATE= 0
INFO:root:plugins read config
INFO:root:GPIO_NUM= 201
INFO:root:GPIO_NUM= 202
INFO:root:GPIO_NUM= 203
INFO:root:I = 2
INFO:root:Device Type= kasa   State= 0
INFO:root:Alias= PGPIO_3
INFO:root:sleeping for 10000ms
INFO:root:starting request
INFO:root:set relay 0 to 0
INFO:root:set relay 1 to 1
INFO:root:set relay 2 to 0
INFO:root:set tempsensor 0 with id 0300a279cd1d to 22.375
WARNING:root:relay key epower_0_state for relay idx=0 was expected but not in response. This is normal before activation.
INFO:root:setting relay 1 (GPIO 201) to 0...
INFO:root:GPIO_NO= 201 STATE= 0
INFO:root:plugins read config
INFO:root:GPIO_NUM= 201
INFO:root:I = 0
INFO:root:Device Type= kasa   State= 0
INFO:root:Alias= PGPIO_1
INFO:root:GPIO_NUM= 202
INFO:root:GPIO_NUM= 203
INFO:root:received new target state 1 for epower_1_state
INFO:root:setting relay 2 (GPIO 202) to 1...
INFO:root:GPIO_NO= 202 STATE= 1
INFO:root:plugins read config
INFO:root:GPIO_NUM= 201
INFO:root:GPIO_NUM= 202
INFO:root:I = 1
INFO:root:Device Type= kasa   State= 1
INFO:root:Alias= PGPIO_2
INFO:root:GPIO_NUM= 203
INFO:root:received new target state 0 for epower_2_state
INFO:root:setting relay 3 (GPIO 203) to 0...
INFO:root:GPIO_NO= 203 STATE= 0
INFO:root:plugins read config
INFO:root:GPIO_NUM= 201
INFO:root:GPIO_NUM= 202
INFO:root:GPIO_NUM= 203
INFO:root:I = 2
INFO:root:Device Type= kasa   State= 0
INFO:root:Alias= PGPIO_3
INFO:root:sleeping for 10000ms
INFO:root:starting request
INFO:root:set relay 0 to 0
INFO:root:set relay 1 to 1
INFO:root:set relay 2 to 0
INFO:root:set tempsensor 0 with id 0300a279cd1d to 22.3125
WARNING:root:relay key epower_0_state for relay idx=0 was expected but not in response. This is normal before activation.
INFO:root:setting relay 1 (GPIO 201) to 0...
INFO:root:GPIO_NO= 201 STATE= 0
INFO:root:plugins read config
INFO:root:GPIO_NUM= 201
INFO:root:I = 0
INFO:root:Device Type= kasa   State= 0
INFO:root:Alias= PGPIO_1
INFO:root:GPIO_NUM= 202
INFO:root:GPIO_NUM= 203
INFO:root:received new target state 0 for epower_1_state
INFO:root:setting relay 2 (GPIO 202) to 0...
INFO:root:GPIO_NO= 202 STATE= 0
INFO:root:plugins read config
INFO:root:GPIO_NUM= 201
INFO:root:GPIO_NUM= 202
INFO:root:I = 1
INFO:root:Device Type= kasa   State= 0
INFO:root:Alias= PGPIO_2
INFO:root:GPIO_NUM= 203
INFO:root:received new target state 1 for epower_2_state
INFO:root:setting relay 3 (GPIO 203) to 1...
INFO:root:GPIO_NO= 203 STATE= 1
INFO:root:plugins read config
INFO:root:GPIO_NUM= 201
INFO:root:GPIO_NUM= 202
INFO:root:GPIO_NUM= 203
INFO:root:I = 2
INFO:root:Device Type= kasa   State= 1
INFO:root:Alias= PGPIO_3
INFO:root:sleeping for 10000ms
INFO:root:starting request
INFO:root:set relay 0 to 0
INFO:root:set relay 1 to 0
INFO:root:set relay 2 to 1
INFO:root:set tempsensor 0 with id 0300a279cd1d to 22.3125
WARNING:root:relay key epower_0_state for relay idx=0 was expected but not in response. This is normal before activation.
INFO:root:setting relay 1 (GPIO 201) to 0...
INFO:root:GPIO_NO= 201 STATE= 0
INFO:root:plugins read config
INFO:root:GPIO_NUM= 201
INFO:root:I = 0
INFO:root:Device Type= kasa   State= 0
INFO:root:Alias= PGPIO_1
INFO:root:GPIO_NUM= 202
INFO:root:GPIO_NUM= 203
INFO:root:received new target state 0 for epower_1_state
INFO:root:setting relay 2 (GPIO 202) to 0...
INFO:root:GPIO_NO= 202 STATE= 0
INFO:root:plugins read config
INFO:root:GPIO_NUM= 201
INFO:root:GPIO_NUM= 202
INFO:root:I = 1
INFO:root:Device Type= kasa   State= 0
INFO:root:Alias= PGPIO_2
INFO:root:GPIO_NUM= 203
INFO:root:received new target state 1 for epower_2_state
INFO:root:setting relay 3 (GPIO 203) to 1...
INFO:root:GPIO_NO= 203 STATE= 1
INFO:root:plugins read config
INFO:root:GPIO_NUM= 201
INFO:root:GPIO_NUM= 202
INFO:root:GPIO_NUM= 203
INFO:root:I = 2
INFO:root:Device Type= kasa   State= 1
INFO:root:Alias= PGPIO_3
INFO:root:sleeping for 10000ms
INFO:root:starting request
INFO:root:set relay 0 to 0
INFO:root:set relay 1 to 0
INFO:root:set relay 2 to 1
INFO:root:set tempsensor 0 with id 0300a279cd1d to 22.3125
WARNING:root:relay key epower_0_state for relay idx=0 was expected but not in response. This is normal before activation.
INFO:root:setting relay 1 (GPIO 201) to 0...
INFO:root:GPIO_NO= 201 STATE= 0
INFO:root:plugins read config
INFO:root:GPIO_NUM= 201
INFO:root:I = 0
INFO:root:Device Type= kasa   State= 0
INFO:root:Alias= PGPIO_1
INFO:root:GPIO_NUM= 202
INFO:root:GPIO_NUM= 203
INFO:root:received new target state 0 for epower_1_state
INFO:root:setting relay 2 (GPIO 202) to 0...
INFO:root:GPIO_NO= 202 STATE= 0
INFO:root:plugins read config
INFO:root:GPIO_NUM= 201
INFO:root:GPIO_NUM= 202
INFO:root:I = 1
INFO:root:Device Type= kasa   State= 0
INFO:root:Alias= PGPIO_2
INFO:root:GPIO_NUM= 203
INFO:root:received new target state 1 for epower_2_state
INFO:root:setting relay 3 (GPIO 203) to 1...
INFO:root:GPIO_NO= 203 STATE= 1
INFO:root:plugins read config
INFO:root:GPIO_NUM= 201
INFO:root:GPIO_NUM= 202
INFO:root:GPIO_NUM= 203
INFO:root:I = 2
INFO:root:Device Type= kasa   State= 1
INFO:root:Alias= PGPIO_3
INFO:root:sleeping for 10000ms
INFO:root:starting request
INFO:root:set relay 0 to 0
INFO:root:set relay 1 to 0
INFO:root:set relay 2 to 1
INFO:root:set tempsensor 0 with id 0300a279cd1d to 22.3125
WARNING:root:relay key epower_0_state for relay idx=0 was expected but not in response. This is normal before activation.
INFO:root:setting relay 1 (GPIO 201) to 0...
INFO:root:GPIO_NO= 201 STATE= 0
INFO:root:plugins read config
INFO:root:GPIO_NUM= 201
INFO:root:I = 0
INFO:root:Device Type= kasa   State= 0
INFO:root:Alias= PGPIO_1
INFO:root:GPIO_NUM= 202
INFO:root:GPIO_NUM= 203
INFO:root:received new target state 0 for epower_1_state
INFO:root:setting relay 2 (GPIO 202) to 0...
INFO:root:GPIO_NO= 202 STATE= 0
INFO:root:plugins read config
INFO:root:GPIO_NUM= 201
INFO:root:GPIO_NUM= 202
INFO:root:I = 1
INFO:root:Device Type= kasa   State= 0
INFO:root:Alias= PGPIO_2
INFO:root:GPIO_NUM= 203
INFO:root:received new target state 1 for epower_2_state
INFO:root:setting relay 3 (GPIO 203) to 1...
INFO:root:GPIO_NO= 203 STATE= 1
INFO:root:plugins read config
INFO:root:GPIO_NUM= 201
INFO:root:GPIO_NUM= 202
INFO:root:GPIO_NUM= 203
INFO:root:I = 2
INFO:root:Device Type= kasa   State= 1
INFO:root:Alias= PGPIO_3
INFO:root:sleeping for 10000ms
INFO:root:starting request
INFO:root:set relay 0 to 0
INFO:root:set relay 1 to 0
INFO:root:set relay 2 to 1
INFO:root:set tempsensor 0 with id 0300a279cd1d to 22.375
WARNING:root:relay key epower_0_state for relay idx=0 was expected but not in response. This is normal before activation.
INFO:root:setting relay 1 (GPIO 201) to 0...
INFO:root:GPIO_NO= 201 STATE= 0
INFO:root:plugins read config
INFO:root:GPIO_NUM= 201
INFO:root:I = 0
INFO:root:Device Type= kasa   State= 0
INFO:root:Alias= PGPIO_1
INFO:root:GPIO_NUM= 202
INFO:root:GPIO_NUM= 203
INFO:root:received new target state 0 for epower_1_state
INFO:root:setting relay 2 (GPIO 202) to 0...
INFO:root:GPIO_NO= 202 STATE= 0
INFO:root:plugins read config
INFO:root:GPIO_NUM= 201
INFO:root:GPIO_NUM= 202
INFO:root:I = 1
INFO:root:Device Type= kasa   State= 0
INFO:root:Alias= PGPIO_2
INFO:root:GPIO_NUM= 203
INFO:root:received new target state 1 for epower_2_state
INFO:root:setting relay 3 (GPIO 203) to 1...
INFO:root:GPIO_NO= 203 STATE= 1
INFO:root:plugins read config
INFO:root:GPIO_NUM= 201
INFO:root:GPIO_NUM= 202
INFO:root:GPIO_NUM= 203
INFO:root:I = 2
INFO:root:Device Type= kasa   State= 1
INFO:root:Alias= PGPIO_3
INFO:root:sleeping for 10000ms
INFO:root:starting request
INFO:root:set relay 0 to 0
INFO:root:set relay 1 to 0
INFO:root:set relay 2 to 1
INFO:root:set tempsensor 0 with id 0300a279cd1d to 22.3125
WARNING:root:relay key epower_0_state for relay idx=0 was expected but not in response. This is normal before activation.
INFO:root:setting relay 1 (GPIO 201) to 0...
INFO:root:GPIO_NO= 201 STATE= 0
INFO:root:plugins read config
INFO:root:GPIO_NUM= 201
INFO:root:I = 0
INFO:root:Device Type= kasa   State= 0
INFO:root:Alias= PGPIO_1
INFO:root:GPIO_NUM= 202
INFO:root:GPIO_NUM= 203
INFO:root:received new target state 0 for epower_1_state
INFO:root:setting relay 2 (GPIO 202) to 0...
INFO:root:GPIO_NO= 202 STATE= 0
INFO:root:plugins read config
INFO:root:GPIO_NUM= 201
INFO:root:GPIO_NUM= 202
INFO:root:I = 1
INFO:root:Device Type= kasa   State= 0
INFO:root:Alias= PGPIO_2
INFO:root:GPIO_NUM= 203
INFO:root:received new target state 1 for epower_2_state
INFO:root:setting relay 3 (GPIO 203) to 1...
INFO:root:GPIO_NO= 203 STATE= 1
INFO:root:plugins read config
INFO:root:GPIO_NUM= 201
INFO:root:GPIO_NUM= 202
INFO:root:GPIO_NUM= 203
INFO:root:I = 2
INFO:root:Device Type= kasa   State= 1
INFO:root:Alias= PGPIO_3
INFO:root:sleeping for 10000ms
INFO:root:starting request
INFO:root:set relay 0 to 0
INFO:root:set relay 1 to 0
INFO:root:set relay 2 to 1
INFO:root:set tempsensor 0 with id 0300a279cd1d to 22.3125
WARNING:root:relay key epower_0_state for relay idx=0 was expected but not in response. This is normal before activation.
INFO:root:setting relay 1 (GPIO 201) to 0...
INFO:root:GPIO_NO= 201 STATE= 0
INFO:root:plugins read config
INFO:root:GPIO_NUM= 201
INFO:root:I = 0
INFO:root:Device Type= kasa   State= 0
INFO:root:Alias= PGPIO_1
INFO:root:GPIO_NUM= 202
INFO:root:GPIO_NUM= 203
INFO:root:received new target state 0 for epower_1_state
INFO:root:setting relay 2 (GPIO 202) to 0...
INFO:root:GPIO_NO= 202 STATE= 0
INFO:root:plugins read config
INFO:root:GPIO_NUM= 201
INFO:root:GPIO_NUM= 202
INFO:root:I = 1
INFO:root:Device Type= kasa   State= 0
INFO:root:Alias= PGPIO_2
INFO:root:GPIO_NUM= 203
INFO:root:received new target state 1 for epower_2_state
INFO:root:setting relay 3 (GPIO 203) to 1...
INFO:root:GPIO_NO= 203 STATE= 1
INFO:root:plugins read config
INFO:root:GPIO_NUM= 201
INFO:root:GPIO_NUM= 202
INFO:root:GPIO_NUM= 203
INFO:root:I = 2
INFO:root:Device Type= kasa   State= 1
INFO:root:Alias= PGPIO_3
INFO:root:sleeping for 10000ms
INFO:root:starting request
INFO:root:set relay 0 to 0
INFO:root:set relay 1 to 0
INFO:root:set relay 2 to 1
INFO:root:set tempsensor 0 with id 0300a279cd1d to 22.25
WARNING:root:relay key epower_0_state for relay idx=0 was expected but not in response. This is normal before activation.
INFO:root:setting relay 1 (GPIO 201) to 0...
INFO:root:GPIO_NO= 201 STATE= 0
INFO:root:plugins read config
INFO:root:GPIO_NUM= 201
INFO:root:I = 0
INFO:root:Device Type= kasa   State= 0
INFO:root:Alias= PGPIO_1
INFO:root:GPIO_NUM= 202
INFO:root:GPIO_NUM= 203
INFO:root:received new target state 0 for epower_1_state
INFO:root:setting relay 2 (GPIO 202) to 0...
INFO:root:GPIO_NO= 202 STATE= 0
INFO:root:plugins read config
INFO:root:GPIO_NUM= 201
INFO:root:GPIO_NUM= 202
INFO:root:I = 1
INFO:root:Device Type= kasa   State= 0
INFO:root:Alias= PGPIO_2
INFO:root:GPIO_NUM= 203
INFO:root:received new target state 1 for epower_2_state
INFO:root:setting relay 3 (GPIO 203) to 1...
INFO:root:GPIO_NO= 203 STATE= 1
INFO:root:plugins read config
INFO:root:GPIO_NUM= 201
INFO:root:GPIO_NUM= 202
INFO:root:GPIO_NUM= 203
INFO:root:I = 2
INFO:root:Device Type= kasa   State= 1
INFO:root:Alias= PGPIO_3
INFO:root:sleeping for 10000ms
INFO:root:starting request
INFO:root:set relay 0 to 0
INFO:root:set relay 1 to 0
INFO:root:set relay 2 to 1
INFO:root:set tempsensor 0 with id 0300a279cd1d to 22.25
WARNING:root:relay key epower_0_state for relay idx=0 was expected but not in response. This is normal before activation.
INFO:root:setting relay 1 (GPIO 201) to 0...
INFO:root:GPIO_NO= 201 STATE= 0
INFO:root:plugins read config
INFO:root:GPIO_NUM= 201
INFO:root:I = 0
INFO:root:Device Type= kasa   State= 0
INFO:root:Alias= PGPIO_1
INFO:root:GPIO_NUM= 202
INFO:root:GPIO_NUM= 203
INFO:root:received new target state 0 for epower_1_state
INFO:root:setting relay 2 (GPIO 202) to 0...
INFO:root:GPIO_NO= 202 STATE= 0
INFO:root:plugins read config
INFO:root:GPIO_NUM= 201
INFO:root:GPIO_NUM= 202
INFO:root:I = 1
INFO:root:Device Type= kasa   State= 0
INFO:root:Alias= PGPIO_2
INFO:root:GPIO_NUM= 203
INFO:root:received new target state 1 for epower_2_state
INFO:root:setting relay 3 (GPIO 203) to 1...
INFO:root:GPIO_NO= 203 STATE= 1
INFO:root:plugins read config
INFO:root:GPIO_NUM= 201
INFO:root:GPIO_NUM= 202
INFO:root:GPIO_NUM= 203
INFO:root:I = 2
INFO:root:Device Type= kasa   State= 1
INFO:root:Alias= PGPIO_3
INFO:root:sleeping for 10000ms
INFO:root:starting request
INFO:root:set relay 0 to 0
INFO:root:set relay 1 to 0
INFO:root:set relay 2 to 1
INFO:root:set tempsensor 0 with id 0300a279cd1d to 22.25
WARNING:root:relay key epower_0_state for relay idx=0 was expected but not in response. This is normal before activation.
INFO:root:setting relay 1 (GPIO 201) to 0...
INFO:root:GPIO_NO= 201 STATE= 0
INFO:root:plugins read config
INFO:root:GPIO_NUM= 201
INFO:root:I = 0
INFO:root:Device Type= kasa   State= 0
INFO:root:Alias= PGPIO_1
INFO:root:GPIO_NUM= 202
INFO:root:GPIO_NUM= 203
INFO:root:received new target state 0 for epower_1_state
INFO:root:setting relay 2 (GPIO 202) to 0...
INFO:root:GPIO_NO= 202 STATE= 0
INFO:root:plugins read config
INFO:root:GPIO_NUM= 201
INFO:root:GPIO_NUM= 202
INFO:root:I = 1
INFO:root:Device Type= kasa   State= 0
INFO:root:Alias= PGPIO_2
INFO:root:GPIO_NUM= 203
INFO:root:received new target state 1 for epower_2_state
INFO:root:setting relay 3 (GPIO 203) to 1...
INFO:root:GPIO_NO= 203 STATE= 1
INFO:root:plugins read config
INFO:root:GPIO_NUM= 201
INFO:root:GPIO_NUM= 202
INFO:root:GPIO_NUM= 203
INFO:root:I = 2
INFO:root:Device Type= kasa   State= 1
INFO:root:Alias= PGPIO_3
INFO:root:sleeping for 10000ms
INFO:root:starting request
INFO:root:set relay 0 to 0
INFO:root:set relay 1 to 0
INFO:root:set relay 2 to 1
INFO:root:set tempsensor 0 with id 0300a279cd1d to 22.1875
WARNING:root:relay key epower_0_state for relay idx=0 was expected but not in response. This is normal before activation.
INFO:root:setting relay 1 (GPIO 201) to 0...
INFO:root:GPIO_NO= 201 STATE= 0
INFO:root:plugins read config
INFO:root:GPIO_NUM= 201
INFO:root:I = 0
INFO:root:Device Type= kasa   State= 0
INFO:root:Alias= PGPIO_1
INFO:root:GPIO_NUM= 202
INFO:root:GPIO_NUM= 203
INFO:root:received new target state 0 for epower_1_state
INFO:root:setting relay 2 (GPIO 202) to 0...
INFO:root:GPIO_NO= 202 STATE= 0
INFO:root:plugins read config
INFO:root:GPIO_NUM= 201
INFO:root:GPIO_NUM= 202
INFO:root:I = 1
INFO:root:Device Type= kasa   State= 0
INFO:root:Alias= PGPIO_2
INFO:root:GPIO_NUM= 203
INFO:root:received new target state 1 for epower_2_state
INFO:root:setting relay 3 (GPIO 203) to 1...
INFO:root:GPIO_NO= 203 STATE= 1
INFO:root:plugins read config
INFO:root:GPIO_NUM= 201
INFO:root:GPIO_NUM= 202
INFO:root:GPIO_NUM= 203
INFO:root:I = 2
INFO:root:Device Type= kasa   State= 1
INFO:root:Alias= PGPIO_3
INFO:root:sleeping for 10000ms
INFO:root:starting request
INFO:root:set relay 0 to 0
INFO:root:set relay 1 to 0
INFO:root:set relay 2 to 1
INFO:root:set tempsensor 0 with id 0300a279cd1d to 22.1875
WARNING:root:relay key epower_0_state for relay idx=0 was expected but not in response. This is normal before activation.
INFO:root:setting relay 1 (GPIO 201) to 0...
INFO:root:GPIO_NO= 201 STATE= 0
INFO:root:plugins read config
INFO:root:GPIO_NUM= 201
INFO:root:I = 0
INFO:root:Device Type= kasa   State= 0
INFO:root:Alias= PGPIO_1
INFO:root:GPIO_NUM= 202
INFO:root:GPIO_NUM= 203
INFO:root:received new target state 0 for epower_1_state
INFO:root:setting relay 2 (GPIO 202) to 0...
INFO:root:GPIO_NO= 202 STATE= 0
INFO:root:plugins read config
INFO:root:GPIO_NUM= 201
INFO:root:GPIO_NUM= 202
INFO:root:I = 1
INFO:root:Device Type= kasa   State= 0
INFO:root:Alias= PGPIO_2
INFO:root:GPIO_NUM= 203
INFO:root:received new target state 1 for epower_2_state
INFO:root:setting relay 3 (GPIO 203) to 1...
INFO:root:GPIO_NO= 203 STATE= 1
INFO:root:plugins read config
INFO:root:GPIO_NUM= 201
INFO:root:GPIO_NUM= 202
INFO:root:GPIO_NUM= 203
INFO:root:I = 2
INFO:root:Device Type= kasa   State= 1
INFO:root:Alias= PGPIO_3
INFO:root:sleeping for 10000ms
INFO:root:starting request
INFO:root:set relay 0 to 0
INFO:root:set relay 1 to 0
INFO:root:set relay 2 to 1
INFO:root:set tempsensor 0 with id 0300a279cd1d to 22.125
WARNING:root:relay key epower_0_state for relay idx=0 was expected but not in response. This is normal before activation.
INFO:root:setting relay 1 (GPIO 201) to 0...
INFO:root:GPIO_NO= 201 STATE= 0
INFO:root:plugins read config
INFO:root:GPIO_NUM= 201
INFO:root:I = 0
INFO:root:Device Type= kasa   State= 0
INFO:root:Alias= PGPIO_1
INFO:root:GPIO_NUM= 202
INFO:root:GPIO_NUM= 203
INFO:root:received new target state 0 for epower_1_state
INFO:root:setting relay 2 (GPIO 202) to 0...
INFO:root:GPIO_NO= 202 STATE= 0
INFO:root:plugins read config
INFO:root:GPIO_NUM= 201
INFO:root:GPIO_NUM= 202
INFO:root:I = 1
INFO:root:Device Type= kasa   State= 0
INFO:root:Alias= PGPIO_2
INFO:root:GPIO_NUM= 203
INFO:root:received new target state 1 for epower_2_state
INFO:root:setting relay 3 (GPIO 203) to 1...
INFO:root:GPIO_NO= 203 STATE= 1
INFO:root:plugins read config
INFO:root:GPIO_NUM= 201
INFO:root:GPIO_NUM= 202
INFO:root:GPIO_NUM= 203
INFO:root:I = 2
INFO:root:Device Type= kasa   State= 1
INFO:root:Alias= PGPIO_3
INFO:root:sleeping for 15000ms
INFO:root:starting request
INFO:root:set relay 0 to 0
INFO:root:set relay 1 to 0
INFO:root:set relay 2 to 1
INFO:root:set tempsensor 0 with id 0300a279cd1d to 22.0625
WARNING:root:relay key epower_0_state for relay idx=0 was expected but not in response. This is normal before activation.
INFO:root:setting relay 1 (GPIO 201) to 0...
INFO:root:GPIO_NO= 201 STATE= 0
INFO:root:plugins read config
INFO:root:GPIO_NUM= 201
INFO:root:I = 0
INFO:root:Device Type= kasa   State= 0
INFO:root:Alias= PGPIO_1
INFO:root:GPIO_NUM= 202
INFO:root:GPIO_NUM= 203
INFO:root:received new target state 0 for epower_1_state
INFO:root:setting relay 2 (GPIO 202) to 0...
INFO:root:GPIO_NO= 202 STATE= 0
INFO:root:plugins read config
INFO:root:GPIO_NUM= 201
INFO:root:GPIO_NUM= 202
INFO:root:I = 1
INFO:root:Device Type= kasa   State= 0
INFO:root:Alias= PGPIO_2
INFO:root:GPIO_NUM= 203
INFO:root:received new target state 1 for epower_2_state
INFO:root:setting relay 3 (GPIO 203) to 1...
INFO:root:GPIO_NO= 203 STATE= 1
INFO:root:plugins read config
INFO:root:GPIO_NUM= 201
INFO:root:GPIO_NUM= 202
INFO:root:GPIO_NUM= 203
INFO:root:I = 2
INFO:root:Device Type= kasa   State= 1
INFO:root:Alias= PGPIO_3
INFO:root:sleeping for 15000ms
INFO:root:starting request
INFO:root:set relay 0 to 0
INFO:root:set relay 1 to 0
INFO:root:set relay 2 to 1
INFO:root:set tempsensor 0 with id 0300a279cd1d to 22.0
WARNING:root:relay key epower_0_state for relay idx=0 was expected but not in response. This is normal before activation.
INFO:root:setting relay 1 (GPIO 201) to 0...
INFO:root:GPIO_NO= 201 STATE= 0
INFO:root:plugins read config
INFO:root:GPIO_NUM= 201
INFO:root:I = 0
INFO:root:Device Type= kasa   State= 0
INFO:root:Alias= PGPIO_1
INFO:root:GPIO_NUM= 202
INFO:root:GPIO_NUM= 203
INFO:root:received new target state 0 for epower_1_state
INFO:root:setting relay 2 (GPIO 202) to 0...
INFO:root:GPIO_NO= 202 STATE= 0
INFO:root:plugins read config
INFO:root:GPIO_NUM= 201
INFO:root:GPIO_NUM= 202
INFO:root:I = 1
INFO:root:Device Type= kasa   State= 0
INFO:root:Alias= PGPIO_2
INFO:root:GPIO_NUM= 203
INFO:root:received new target state 0 for epower_2_state
INFO:root:setting relay 3 (GPIO 203) to 0...
INFO:root:GPIO_NO= 203 STATE= 0
INFO:root:plugins read config
INFO:root:GPIO_NUM= 201
INFO:root:GPIO_NUM= 202
INFO:root:GPIO_NUM= 203
INFO:root:I = 2
INFO:root:Device Type= kasa   State= 0
INFO:root:Alias= PGPIO_3
INFO:root:sleeping for 15000ms
INFO:root:starting request
INFO:root:set relay 0 to 0
INFO:root:set relay 1 to 0
INFO:root:set relay 2 to 0
INFO:root:set tempsensor 0 with id 0300a279cd1d to 21.9375
WARNING:root:relay key epower_0_state for relay idx=0 was expected but not in response. This is normal before activation.
INFO:root:setting relay 1 (GPIO 201) to 0...
INFO:root:GPIO_NO= 201 STATE= 0
INFO:root:plugins read config
INFO:root:GPIO_NUM= 201
INFO:root:I = 0
INFO:root:Device Type= kasa   State= 0
INFO:root:Alias= PGPIO_1
INFO:root:GPIO_NUM= 202
INFO:root:GPIO_NUM= 203
INFO:root:received new target state 0 for epower_1_state
INFO:root:setting relay 2 (GPIO 202) to 0...
INFO:root:GPIO_NO= 202 STATE= 0
INFO:root:plugins read config
INFO:root:GPIO_NUM= 201
INFO:root:GPIO_NUM= 202
INFO:root:I = 1
INFO:root:Device Type= kasa   State= 0
INFO:root:Alias= PGPIO_2
INFO:root:GPIO_NUM= 203
INFO:root:received new target state 0 for epower_2_state
INFO:root:setting relay 3 (GPIO 203) to 0...
INFO:root:GPIO_NO= 203 STATE= 0
INFO:root:plugins read config
INFO:root:GPIO_NUM= 201
INFO:root:GPIO_NUM= 202
INFO:root:GPIO_NUM= 203
INFO:root:I = 2
INFO:root:Device Type= kasa   State= 0
INFO:root:Alias= PGPIO_3
INFO:root:sleeping for 15000ms
INFO:root:starting request
INFO:root:set relay 0 to 0
INFO:root:set relay 1 to 0
INFO:root:set relay 2 to 0
INFO:root:set tempsensor 0 with id 0300a279cd1d to 21.875
WARNING:root:relay key epower_0_state for relay idx=0 was expected but not in response. This is normal before activation.
INFO:root:setting relay 1 (GPIO 201) to 0...
INFO:root:GPIO_NO= 201 STATE= 0
INFO:root:plugins read config
INFO:root:GPIO_NUM= 201
INFO:root:I = 0
INFO:root:Device Type= kasa   State= 0
INFO:root:Alias= PGPIO_1
INFO:root:GPIO_NUM= 202
INFO:root:GPIO_NUM= 203
INFO:root:received new target state 0 for epower_1_state
INFO:root:setting relay 2 (GPIO 202) to 0...
INFO:root:GPIO_NO= 202 STATE= 0
INFO:root:plugins read config
INFO:root:GPIO_NUM= 201
INFO:root:GPIO_NUM= 202
INFO:root:I = 1
INFO:root:Device Type= kasa   State= 0
INFO:root:Alias= PGPIO_2
INFO:root:GPIO_NUM= 203
INFO:root:received new target state 0 for epower_2_state
INFO:root:setting relay 3 (GPIO 203) to 0...
INFO:root:GPIO_NO= 203 STATE= 0
INFO:root:plugins read config
INFO:root:GPIO_NUM= 201
INFO:root:GPIO_NUM= 202
INFO:root:GPIO_NUM= 203
INFO:root:I = 2
INFO:root:Device Type= kasa   State= 0
INFO:root:Alias= PGPIO_3
INFO:root:sleeping for 15000ms
INFO:root:starting request
INFO:root:set relay 0 to 0
INFO:root:set relay 1 to 0
INFO:root:set relay 2 to 0
INFO:root:set tempsensor 0 with id 0300a279cd1d to 21.8125
WARNING:root:relay key epower_0_state for relay idx=0 was expected but not in response. This is normal before activation.
INFO:root:setting relay 1 (GPIO 201) to 0...
INFO:root:GPIO_NO= 201 STATE= 0
INFO:root:plugins read config
INFO:root:GPIO_NUM= 201
INFO:root:I = 0
INFO:root:Device Type= kasa   State= 0
INFO:root:Alias= PGPIO_1
INFO:root:GPIO_NUM= 202
INFO:root:GPIO_NUM= 203
INFO:root:received new target state 0 for epower_1_state
INFO:root:setting relay 2 (GPIO 202) to 0...
INFO:root:GPIO_NO= 202 STATE= 0
INFO:root:plugins read config
INFO:root:GPIO_NUM= 201
INFO:root:GPIO_NUM= 202
INFO:root:I = 1
INFO:root:Device Type= kasa   State= 0
INFO:root:Alias= PGPIO_2
INFO:root:GPIO_NUM= 203
INFO:root:received new target state 0 for epower_2_state
INFO:root:setting relay 3 (GPIO 203) to 0...
INFO:root:GPIO_NO= 203 STATE= 0
INFO:root:plugins read config
INFO:root:GPIO_NUM= 201
INFO:root:GPIO_NUM= 202
INFO:root:GPIO_NUM= 203
INFO:root:I = 2
INFO:root:Device Type= kasa   State= 0
INFO:root:Alias= PGPIO_3
INFO:root:sleeping for 15000ms
INFO:root:starting request
INFO:root:set relay 0 to 0
INFO:root:set relay 1 to 0
INFO:root:set relay 2 to 0
INFO:root:set tempsensor 0 with id 0300a279cd1d to 21.75
WARNING:root:relay key epower_0_state for relay idx=0 was expected but not in response. This is normal before activation.
INFO:root:setting relay 1 (GPIO 201) to 0...
INFO:root:GPIO_NO= 201 STATE= 0
INFO:root:plugins read config
INFO:root:GPIO_NUM= 201
INFO:root:I = 0
INFO:root:Device Type= kasa   State= 0
INFO:root:Alias= PGPIO_1
INFO:root:GPIO_NUM= 202
INFO:root:GPIO_NUM= 203
INFO:root:received new target state 0 for epower_1_state
INFO:root:setting relay 2 (GPIO 202) to 0...
INFO:root:GPIO_NO= 202 STATE= 0
INFO:root:plugins read config
INFO:root:GPIO_NUM= 201
INFO:root:GPIO_NUM= 202
INFO:root:I = 1
INFO:root:Device Type= kasa   State= 0
INFO:root:Alias= PGPIO_2
INFO:root:GPIO_NUM= 203
INFO:root:received new target state 0 for epower_2_state
INFO:root:setting relay 3 (GPIO 203) to 0...
INFO:root:GPIO_NO= 203 STATE= 0
INFO:root:plugins read config
INFO:root:GPIO_NUM= 201
INFO:root:GPIO_NUM= 202
INFO:root:GPIO_NUM= 203
INFO:root:I = 2
INFO:root:Device Type= kasa   State= 0
INFO:root:Alias= PGPIO_3
INFO:root:sleeping for 15000ms
INFO:root:starting request
INFO:root:set relay 0 to 0
INFO:root:set relay 1 to 0
INFO:root:set relay 2 to 0
INFO:root:set tempsensor 0 with id 0300a279cd1d to 21.6875
WARNING:root:relay key epower_0_state for relay idx=0 was expected but not in response. This is normal before activation.
INFO:root:setting relay 1 (GPIO 201) to 0...
INFO:root:GPIO_NO= 201 STATE= 0
INFO:root:plugins read config
INFO:root:GPIO_NUM= 201
INFO:root:I = 0
INFO:root:Device Type= kasa   State= 0
INFO:root:Alias= PGPIO_1
INFO:root:GPIO_NUM= 202
INFO:root:GPIO_NUM= 203
INFO:root:received new target state 0 for epower_1_state
INFO:root:setting relay 2 (GPIO 202) to 0...
INFO:root:GPIO_NO= 202 STATE= 0
INFO:root:plugins read config
INFO:root:GPIO_NUM= 201
INFO:root:GPIO_NUM= 202
INFO:root:I = 1
INFO:root:Device Type= kasa   State= 0
INFO:root:Alias= PGPIO_2
INFO:root:GPIO_NUM= 203
INFO:root:received new target state 0 for epower_2_state
INFO:root:setting relay 3 (GPIO 203) to 0...
INFO:root:GPIO_NO= 203 STATE= 0
INFO:root:plugins read config
INFO:root:GPIO_NUM= 201
INFO:root:GPIO_NUM= 202
INFO:root:GPIO_NUM= 203
INFO:root:I = 2
INFO:root:Device Type= kasa   State= 0
INFO:root:Alias= PGPIO_3
INFO:root:sleeping for 15000ms
INFO:root:starting request
INFO:root:set relay 0 to 0
INFO:root:set relay 1 to 0
INFO:root:set relay 2 to 0
INFO:root:set tempsensor 0 with id 0300a279cd1d to 21.5625
WARNING:root:relay key epower_0_state for relay idx=0 was expected but not in response. This is normal before activation.
INFO:root:setting relay 1 (GPIO 201) to 0...
INFO:root:GPIO_NO= 201 STATE= 0
INFO:root:plugins read config
INFO:root:GPIO_NUM= 201
INFO:root:I = 0
INFO:root:Device Type= kasa   State= 0
INFO:root:Alias= PGPIO_1
INFO:root:GPIO_NUM= 202
INFO:root:GPIO_NUM= 203
INFO:root:received new target state 0 for epower_1_state
INFO:root:setting relay 2 (GPIO 202) to 0...
INFO:root:GPIO_NO= 202 STATE= 0
INFO:root:plugins read config
INFO:root:GPIO_NUM= 201
INFO:root:GPIO_NUM= 202
INFO:root:I = 1
INFO:root:Device Type= kasa   State= 0
INFO:root:Alias= PGPIO_2
INFO:root:GPIO_NUM= 203
INFO:root:received new target state 0 for epower_2_state
INFO:root:setting relay 3 (GPIO 203) to 0...
INFO:root:GPIO_NO= 203 STATE= 0
INFO:root:plugins read config
INFO:root:GPIO_NUM= 201
INFO:root:GPIO_NUM= 202
INFO:root:GPIO_NUM= 203
INFO:root:I = 2
INFO:root:Device Type= kasa   State= 0
INFO:root:Alias= PGPIO_3
INFO:root:sleeping for 15000ms
INFO:root:starting request
INFO:root:set relay 0 to 0
INFO:root:set relay 1 to 0
INFO:root:set relay 2 to 0
INFO:root:set tempsensor 0 with id 0300a279cd1d to 21.5
WARNING:root:relay key epower_0_state for relay idx=0 was expected but not in response. This is normal before activation.
INFO:root:setting relay 1 (GPIO 201) to 0...
INFO:root:GPIO_NO= 201 STATE= 0
INFO:root:plugins read config
INFO:root:GPIO_NUM= 201
INFO:root:I = 0
INFO:root:Device Type= kasa   State= 0
INFO:root:Alias= PGPIO_1
INFO:root:GPIO_NUM= 202
INFO:root:GPIO_NUM= 203
INFO:root:received new target state 0 for epower_1_state
INFO:root:setting relay 2 (GPIO 202) to 0...
INFO:root:GPIO_NO= 202 STATE= 0
INFO:root:plugins read config
INFO:root:GPIO_NUM= 201
INFO:root:GPIO_NUM= 202
INFO:root:I = 1
INFO:root:Device Type= kasa   State= 0
INFO:root:Alias= PGPIO_2
INFO:root:GPIO_NUM= 203
INFO:root:received new target state 0 for epower_2_state
INFO:root:setting relay 3 (GPIO 203) to 0...
INFO:root:GPIO_NO= 203 STATE= 0
INFO:root:plugins read config
INFO:root:GPIO_NUM= 201
INFO:root:GPIO_NUM= 202
INFO:root:GPIO_NUM= 203
INFO:root:I = 2
INFO:root:Device Type= kasa   State= 0
INFO:root:Alias= PGPIO_3
INFO:root:sleeping for 15000ms
INFO:root:starting request
INFO:root:set relay 0 to 0
INFO:root:set relay 1 to 0
INFO:root:set relay 2 to 0
INFO:root:set tempsensor 0 with id 0300a279cd1d to 21.4375
WARNING:root:relay key epower_0_state for relay idx=0 was expected but not in response. This is normal before activation.
INFO:root:setting relay 1 (GPIO 201) to 0...
INFO:root:GPIO_NO= 201 STATE= 0
INFO:root:plugins read config
INFO:root:GPIO_NUM= 201
INFO:root:I = 0
INFO:root:Device Type= kasa   State= 0
INFO:root:Alias= PGPIO_1
INFO:root:GPIO_NUM= 202
INFO:root:GPIO_NUM= 203
INFO:root:received new target state 0 for epower_1_state
INFO:root:setting relay 2 (GPIO 202) to 0...
INFO:root:GPIO_NO= 202 STATE= 0
INFO:root:plugins read config
INFO:root:GPIO_NUM= 201
INFO:root:GPIO_NUM= 202
INFO:root:I = 1
INFO:root:Device Type= kasa   State= 0
INFO:root:Alias= PGPIO_2
INFO:root:GPIO_NUM= 203
INFO:root:received new target state 0 for epower_2_state
INFO:root:setting relay 3 (GPIO 203) to 0...
INFO:root:GPIO_NO= 203 STATE= 0
INFO:root:plugins read config
INFO:root:GPIO_NUM= 201
INFO:root:GPIO_NUM= 202
INFO:root:GPIO_NUM= 203
INFO:root:I = 2
INFO:root:Device Type= kasa   State= 0
INFO:root:Alias= PGPIO_3
INFO:root:sleeping for 15000ms
INFO:root:starting request
INFO:root:set relay 0 to 0
INFO:root:set relay 1 to 0
INFO:root:set relay 2 to 0
INFO:root:set tempsensor 0 with id 0300a279cd1d to 21.375
WARNING:root:relay key epower_0_state for relay idx=0 was expected but not in response. This is normal before activation.
INFO:root:setting relay 1 (GPIO 201) to 0...
INFO:root:GPIO_NO= 201 STATE= 0
INFO:root:plugins read config
INFO:root:GPIO_NUM= 201
INFO:root:I = 0
INFO:root:Device Type= kasa   State= 0
INFO:root:Alias= PGPIO_1
INFO:root:GPIO_NUM= 202
INFO:root:GPIO_NUM= 203
INFO:root:received new target state 0 for epower_1_state
INFO:root:setting relay 2 (GPIO 202) to 0...
INFO:root:GPIO_NO= 202 STATE= 0
INFO:root:plugins read config
INFO:root:GPIO_NUM= 201
INFO:root:GPIO_NUM= 202
INFO:root:I = 1
INFO:root:Device Type= kasa   State= 0
INFO:root:Alias= PGPIO_2
INFO:root:GPIO_NUM= 203
INFO:root:received new target state 0 for epower_2_state
INFO:root:setting relay 3 (GPIO 203) to 0...
INFO:root:GPIO_NO= 203 STATE= 0
INFO:root:plugins read config
INFO:root:GPIO_NUM= 201
INFO:root:GPIO_NUM= 202
INFO:root:GPIO_NUM= 203
INFO:root:I = 2
INFO:root:Device Type= kasa   State= 0
INFO:root:Alias= PGPIO_3
INFO:root:sleeping for 15000ms
INFO:root:starting request
INFO:root:set relay 0 to 0
INFO:root:set relay 1 to 0
INFO:root:set relay 2 to 0
INFO:root:set tempsensor 0 with id 0300a279cd1d to 21.375
WARNING:root:relay key epower_0_state for relay idx=0 was expected but not in response. This is normal before activation.
INFO:root:setting relay 1 (GPIO 201) to 0...
INFO:root:GPIO_NO= 201 STATE= 0
INFO:root:plugins read config
INFO:root:GPIO_NUM= 201
INFO:root:I = 0
INFO:root:Device Type= kasa   State= 0
INFO:root:Alias= PGPIO_1
INFO:root:GPIO_NUM= 202
INFO:root:GPIO_NUM= 203
INFO:root:received new target state 0 for epower_1_state
INFO:root:setting relay 2 (GPIO 202) to 0...
INFO:root:GPIO_NO= 202 STATE= 0
INFO:root:plugins read config
INFO:root:GPIO_NUM= 201
INFO:root:GPIO_NUM= 202
INFO:root:I = 1
INFO:root:Device Type= kasa   State= 0
INFO:root:Alias= PGPIO_2
INFO:root:GPIO_NUM= 203
INFO:root:received new target state 0 for epower_2_state
INFO:root:setting relay 3 (GPIO 203) to 0...
INFO:root:GPIO_NO= 203 STATE= 0
INFO:root:plugins read config
INFO:root:GPIO_NUM= 201
INFO:root:GPIO_NUM= 202
INFO:root:GPIO_NUM= 203
INFO:root:I = 2
INFO:root:Device Type= kasa   State= 0
INFO:root:Alias= PGPIO_3
INFO:root:sleeping for 15000ms
INFO:root:starting request
INFO:root:set relay 0 to 0
INFO:root:set relay 1 to 0
INFO:root:set relay 2 to 0
INFO:root:set tempsensor 0 with id 0300a279cd1d to 21.3125
WARNING:root:relay key epower_0_state for relay idx=0 was expected but not in response. This is normal before activation.
INFO:root:setting relay 1 (GPIO 201) to 0...
INFO:root:GPIO_NO= 201 STATE= 0
INFO:root:plugins read config
INFO:root:GPIO_NUM= 201
INFO:root:I = 0
INFO:root:Device Type= kasa   State= 0
INFO:root:Alias= PGPIO_1
INFO:root:GPIO_NUM= 202
INFO:root:GPIO_NUM= 203
INFO:root:received new target state 0 for epower_1_state
INFO:root:setting relay 2 (GPIO 202) to 0...
INFO:root:GPIO_NO= 202 STATE= 0
INFO:root:plugins read config
INFO:root:GPIO_NUM= 201
INFO:root:GPIO_NUM= 202
INFO:root:I = 1
INFO:root:Device Type= kasa   State= 0
INFO:root:Alias= PGPIO_2
INFO:root:GPIO_NUM= 203
INFO:root:received new target state 0 for epower_2_state
INFO:root:setting relay 3 (GPIO 203) to 0...
INFO:root:GPIO_NO= 203 STATE= 0
INFO:root:plugins read config
INFO:root:GPIO_NUM= 201
INFO:root:GPIO_NUM= 202
INFO:root:GPIO_NUM= 203
INFO:root:I = 2
INFO:root:Device Type= kasa   State= 0
INFO:root:Alias= PGPIO_3
INFO:root:sleeping for 15000ms
INFO:root:starting request
INFO:root:set relay 0 to 0
INFO:root:set relay 1 to 0
INFO:root:set relay 2 to 0
INFO:root:set tempsensor 0 with id 0300a279cd1d to 21.25
WARNING:root:relay key epower_0_state for relay idx=0 was expected but not in response. This is normal before activation.
INFO:root:setting relay 1 (GPIO 201) to 0...
INFO:root:GPIO_NO= 201 STATE= 0
INFO:root:plugins read config
INFO:root:GPIO_NUM= 201
INFO:root:I = 0
INFO:root:Device Type= kasa   State= 0
INFO:root:Alias= PGPIO_1
INFO:root:GPIO_NUM= 202
INFO:root:GPIO_NUM= 203
INFO:root:received new target state 0 for epower_1_state
INFO:root:setting relay 2 (GPIO 202) to 0...
INFO:root:GPIO_NO= 202 STATE= 0
INFO:root:plugins read config
INFO:root:GPIO_NUM= 201
INFO:root:GPIO_NUM= 202
INFO:root:I = 1
INFO:root:Device Type= kasa   State= 0
INFO:root:Alias= PGPIO_2
INFO:root:GPIO_NUM= 203
INFO:root:received new target state 0 for epower_2_state
INFO:root:setting relay 3 (GPIO 203) to 0...
INFO:root:GPIO_NO= 203 STATE= 0
INFO:root:plugins read config
INFO:root:GPIO_NUM= 201
INFO:root:GPIO_NUM= 202
INFO:root:GPIO_NUM= 203
INFO:root:I = 2
INFO:root:Device Type= kasa   State= 0
INFO:root:Alias= PGPIO_3
INFO:root:sleeping for 15000ms
INFO:root:starting request
INFO:root:set relay 0 to 0
INFO:root:set relay 1 to 0
INFO:root:set relay 2 to 0
INFO:root:set tempsensor 0 with id 0300a279cd1d to 21.1875
WARNING:root:relay key epower_0_state for relay idx=0 was expected but not in response. This is normal before activation.
INFO:root:setting relay 1 (GPIO 201) to 0...
INFO:root:GPIO_NO= 201 STATE= 0
INFO:root:plugins read config
INFO:root:GPIO_NUM= 201
INFO:root:I = 0
INFO:root:Device Type= kasa   State= 0
INFO:root:Alias= PGPIO_1
INFO:root:GPIO_NUM= 202
INFO:root:GPIO_NUM= 203
INFO:root:received new target state 0 for epower_1_state
INFO:root:setting relay 2 (GPIO 202) to 0...
INFO:root:GPIO_NO= 202 STATE= 0
INFO:root:plugins read config
INFO:root:GPIO_NUM= 201
INFO:root:GPIO_NUM= 202
INFO:root:I = 1
INFO:root:Device Type= kasa   State= 0
INFO:root:Alias= PGPIO_2
INFO:root:GPIO_NUM= 203
INFO:root:received new target state 0 for epower_2_state
INFO:root:setting relay 3 (GPIO 203) to 0...
INFO:root:GPIO_NO= 203 STATE= 0
INFO:root:plugins read config
INFO:root:GPIO_NUM= 201
INFO:root:GPIO_NUM= 202
INFO:root:GPIO_NUM= 203
INFO:root:I = 2
INFO:root:Device Type= kasa   State= 0
INFO:root:Alias= PGPIO_3
INFO:root:sleeping for 15000ms
INFO:root:starting request
INFO:root:set relay 0 to 0
INFO:root:set relay 1 to 0
INFO:root:set relay 2 to 0
INFO:root:set tempsensor 0 with id 0300a279cd1d to 21.125
WARNING:root:relay key epower_0_state for relay idx=0 was expected but not in response. This is normal before activation.
INFO:root:setting relay 1 (GPIO 201) to 0...
INFO:root:GPIO_NO= 201 STATE= 0
INFO:root:plugins read config
INFO:root:GPIO_NUM= 201
INFO:root:I = 0
INFO:root:Device Type= kasa   State= 0
INFO:root:Alias= PGPIO_1
INFO:root:GPIO_NUM= 202
INFO:root:GPIO_NUM= 203
INFO:root:received new target state 0 for epower_1_state
INFO:root:setting relay 2 (GPIO 202) to 0...
INFO:root:GPIO_NO= 202 STATE= 0
INFO:root:plugins read config
INFO:root:GPIO_NUM= 201
INFO:root:GPIO_NUM= 202
INFO:root:I = 1
INFO:root:Device Type= kasa   State= 0
INFO:root:Alias= PGPIO_2
INFO:root:GPIO_NUM= 203
INFO:root:received new target state 0 for epower_2_state
INFO:root:setting relay 3 (GPIO 203) to 0...
INFO:root:GPIO_NO= 203 STATE= 0
INFO:root:plugins read config
INFO:root:GPIO_NUM= 201
INFO:root:GPIO_NUM= 202
INFO:root:GPIO_NUM= 203
INFO:root:I = 2
INFO:root:Device Type= kasa   State= 0
INFO:root:Alias= PGPIO_3
INFO:root:sleeping for 15000ms
INFO:root:starting request
INFO:root:set relay 0 to 0
INFO:root:set relay 1 to 0
INFO:root:set relay 2 to 0
INFO:root:set tempsensor 0 with id 0300a279cd1d to 21.0625
WARNING:root:relay key epower_0_state for relay idx=0 was expected but not in response. This is normal before activation.
INFO:root:setting relay 1 (GPIO 201) to 0...
INFO:root:GPIO_NO= 201 STATE= 0
INFO:root:plugins read config
INFO:root:GPIO_NUM= 201
INFO:root:I = 0
INFO:root:Device Type= kasa   State= 0
INFO:root:Alias= PGPIO_1
INFO:root:GPIO_NUM= 202
INFO:root:GPIO_NUM= 203
INFO:root:received new target state 0 for epower_1_state
INFO:root:setting relay 2 (GPIO 202) to 0...
INFO:root:GPIO_NO= 202 STATE= 0
INFO:root:plugins read config
INFO:root:GPIO_NUM= 201
INFO:root:GPIO_NUM= 202
INFO:root:I = 1
INFO:root:Device Type= kasa   State= 0
INFO:root:Alias= PGPIO_2
INFO:root:GPIO_NUM= 203
INFO:root:received new target state 0 for epower_2_state
INFO:root:setting relay 3 (GPIO 203) to 0...
INFO:root:GPIO_NO= 203 STATE= 0
INFO:root:plugins read config
INFO:root:GPIO_NUM= 201
INFO:root:GPIO_NUM= 202
INFO:root:GPIO_NUM= 203
INFO:root:I = 2
INFO:root:Device Type= kasa   State= 0
INFO:root:Alias= PGPIO_3
INFO:root:sleeping for 15000ms
INFO:root:starting request
INFO:root:set relay 0 to 0
INFO:root:set relay 1 to 0
INFO:root:set relay 2 to 0
INFO:root:set tempsensor 0 with id 0300a279cd1d to 21.0625
WARNING:root:relay key epower_0_state for relay idx=0 was expected but not in response. This is normal before activation.
INFO:root:setting relay 1 (GPIO 201) to 0...
INFO:root:GPIO_NO= 201 STATE= 0
INFO:root:plugins read config
INFO:root:GPIO_NUM= 201
INFO:root:I = 0
INFO:root:Device Type= kasa   State= 0
INFO:root:Alias= PGPIO_1
INFO:root:GPIO_NUM= 202
INFO:root:GPIO_NUM= 203
INFO:root:received new target state 0 for epower_1_state
INFO:root:setting relay 2 (GPIO 202) to 0...
INFO:root:GPIO_NO= 202 STATE= 0
INFO:root:plugins read config
INFO:root:GPIO_NUM= 201
INFO:root:GPIO_NUM= 202
INFO:root:I = 1
INFO:root:Device Type= kasa   State= 0
INFO:root:Alias= PGPIO_2
INFO:root:GPIO_NUM= 203
INFO:root:received new target state 0 for epower_2_state
INFO:root:setting relay 3 (GPIO 203) to 0...
INFO:root:GPIO_NO= 203 STATE= 0
INFO:root:plugins read config
INFO:root:GPIO_NUM= 201
INFO:root:GPIO_NUM= 202
INFO:root:GPIO_NUM= 203
INFO:root:I = 2
INFO:root:Device Type= kasa   State= 0
INFO:root:Alias= PGPIO_3
INFO:root:sleeping for 15000ms
INFO:root:starting request
INFO:root:set relay 0 to 0
INFO:root:set relay 1 to 0
INFO:root:set relay 2 to 0
INFO:root:set tempsensor 0 with id 0300a279cd1d to 21.0
WARNING:root:relay key epower_0_state for relay idx=0 was expected but not in response. This is normal before activation.
INFO:root:setting relay 1 (GPIO 201) to 0...
INFO:root:GPIO_NO= 201 STATE= 0
INFO:root:plugins read config
INFO:root:GPIO_NUM= 201
INFO:root:I = 0
INFO:root:Device Type= kasa   State= 0
INFO:root:Alias= PGPIO_1
INFO:root:GPIO_NUM= 202
INFO:root:GPIO_NUM= 203
INFO:root:received new target state 0 for epower_1_state
INFO:root:setting relay 2 (GPIO 202) to 0...
INFO:root:GPIO_NO= 202 STATE= 0
INFO:root:plugins read config
INFO:root:GPIO_NUM= 201
INFO:root:GPIO_NUM= 202
INFO:root:I = 1
INFO:root:Device Type= kasa   State= 0
INFO:root:Alias= PGPIO_2
INFO:root:GPIO_NUM= 203
INFO:root:received new target state 0 for epower_2_state
INFO:root:setting relay 3 (GPIO 203) to 0...
INFO:root:GPIO_NO= 203 STATE= 0
INFO:root:plugins read config
INFO:root:GPIO_NUM= 201
INFO:root:GPIO_NUM= 202
INFO:root:GPIO_NUM= 203
INFO:root:I = 2
INFO:root:Device Type= kasa   State= 0
INFO:root:Alias= PGPIO_3
INFO:root:sleeping for 15000ms
INFO:root:starting request
INFO:root:set relay 0 to 0
INFO:root:set relay 1 to 0
INFO:root:set relay 2 to 0
INFO:root:set tempsensor 0 with id 0300a279cd1d to 20.9375
WARNING:root:relay key epower_0_state for relay idx=0 was expected but not in response. This is normal before activation.
INFO:root:setting relay 1 (GPIO 201) to 0...
INFO:root:GPIO_NO= 201 STATE= 0
INFO:root:plugins read config
INFO:root:GPIO_NUM= 201
INFO:root:I = 0
INFO:root:Device Type= kasa   State= 0
INFO:root:Alias= PGPIO_1
INFO:root:GPIO_NUM= 202
INFO:root:GPIO_NUM= 203
INFO:root:received new target state 0 for epower_1_state
INFO:root:setting relay 2 (GPIO 202) to 0...
INFO:root:GPIO_NO= 202 STATE= 0
INFO:root:plugins read config
INFO:root:GPIO_NUM= 201
INFO:root:GPIO_NUM= 202
INFO:root:I = 1
INFO:root:Device Type= kasa   State= 0
INFO:root:Alias= PGPIO_2
INFO:root:GPIO_NUM= 203
INFO:root:received new target state 0 for epower_2_state
INFO:root:setting relay 3 (GPIO 203) to 0...
INFO:root:GPIO_NO= 203 STATE= 0
INFO:root:plugins read config
INFO:root:GPIO_NUM= 201
INFO:root:GPIO_NUM= 202
INFO:root:GPIO_NUM= 203
INFO:root:I = 2
INFO:root:Device Type= kasa   State= 0
INFO:root:Alias= PGPIO_3
INFO:root:sleeping for 15000ms
INFO:root:starting request
INFO:root:set relay 0 to 0
INFO:root:set relay 1 to 0
INFO:root:set relay 2 to 0
INFO:root:set tempsensor 0 with id 0300a279cd1d to 20.9375
WARNING:root:relay key epower_0_state for relay idx=0 was expected but not in response. This is normal before activation.
INFO:root:setting relay 1 (GPIO 201) to 0...
INFO:root:GPIO_NO= 201 STATE= 0
INFO:root:plugins read config
INFO:root:GPIO_NUM= 201
INFO:root:I = 0
INFO:root:Device Type= kasa   State= 0
INFO:root:Alias= PGPIO_1
INFO:root:GPIO_NUM= 202
INFO:root:GPIO_NUM= 203
INFO:root:received new target state 0 for epower_1_state
INFO:root:setting relay 2 (GPIO 202) to 0...
INFO:root:GPIO_NO= 202 STATE= 0
INFO:root:plugins read config
INFO:root:GPIO_NUM= 201
INFO:root:GPIO_NUM= 202
INFO:root:I = 1
INFO:root:Device Type= kasa   State= 0
INFO:root:Alias= PGPIO_2
INFO:root:GPIO_NUM= 203
INFO:root:received new target state 0 for epower_2_state
INFO:root:setting relay 3 (GPIO 203) to 0...
INFO:root:GPIO_NO= 203 STATE= 0
INFO:root:plugins read config
INFO:root:GPIO_NUM= 201
INFO:root:GPIO_NUM= 202
INFO:root:GPIO_NUM= 203
INFO:root:I = 2
INFO:root:Device Type= kasa   State= 0
INFO:root:Alias= PGPIO_3
INFO:root:sleeping for 15000ms
INFO:root:starting request
INFO:root:set relay 0 to 0
INFO:root:set relay 1 to 0
INFO:root:set relay 2 to 0
INFO:root:set tempsensor 0 with id 0300a279cd1d to 20.875
WARNING:root:relay key epower_0_state for relay idx=0 was expected but not in response. This is normal before activation.
INFO:root:setting relay 1 (GPIO 201) to 0...
INFO:root:GPIO_NO= 201 STATE= 0
INFO:root:plugins read config
INFO:root:GPIO_NUM= 201
INFO:root:I = 0
INFO:root:Device Type= kasa   State= 0
INFO:root:Alias= PGPIO_1
INFO:root:GPIO_NUM= 202
INFO:root:GPIO_NUM= 203
INFO:root:received new target state 0 for epower_1_state
INFO:root:setting relay 2 (GPIO 202) to 0...
INFO:root:GPIO_NO= 202 STATE= 0
INFO:root:plugins read config
INFO:root:GPIO_NUM= 201
INFO:root:GPIO_NUM= 202
INFO:root:I = 1
INFO:root:Device Type= kasa   State= 0
INFO:root:Alias= PGPIO_2
INFO:root:GPIO_NUM= 203
INFO:root:received new target state 0 for epower_2_state
INFO:root:setting relay 3 (GPIO 203) to 0...
INFO:root:GPIO_NO= 203 STATE= 0
INFO:root:plugins read config
INFO:root:GPIO_NUM= 201
INFO:root:GPIO_NUM= 202
INFO:root:GPIO_NUM= 203
INFO:root:I = 2
INFO:root:Device Type= kasa   State= 0
INFO:root:Alias= PGPIO_3
INFO:root:sleeping for 15000ms
INFO:root:starting request
INFO:root:set relay 0 to 0
INFO:root:set relay 1 to 0
INFO:root:set relay 2 to 0
INFO:root:set tempsensor 0 with id 0300a279cd1d to 20.875
WARNING:root:relay key epower_0_state for relay idx=0 was expected but not in response. This is normal before activation.
INFO:root:setting relay 1 (GPIO 201) to 0...
INFO:root:GPIO_NO= 201 STATE= 0
INFO:root:plugins read config
INFO:root:GPIO_NUM= 201
INFO:root:I = 0
INFO:root:Device Type= kasa   State= 0
INFO:root:Alias= PGPIO_1
INFO:root:GPIO_NUM= 202
INFO:root:GPIO_NUM= 203
INFO:root:received new target state 0 for epower_1_state
INFO:root:setting relay 2 (GPIO 202) to 0...
INFO:root:GPIO_NO= 202 STATE= 0
INFO:root:plugins read config
INFO:root:GPIO_NUM= 201
INFO:root:GPIO_NUM= 202
INFO:root:I = 1
INFO:root:Device Type= kasa   State= 0
INFO:root:Alias= PGPIO_2
INFO:root:GPIO_NUM= 203
INFO:root:received new target state 0 for epower_2_state
INFO:root:setting relay 3 (GPIO 203) to 0...
INFO:root:GPIO_NO= 203 STATE= 0
INFO:root:plugins read config
INFO:root:GPIO_NUM= 201
INFO:root:GPIO_NUM= 202
INFO:root:GPIO_NUM= 203
INFO:root:I = 2
INFO:root:Device Type= kasa   State= 0
INFO:root:Alias= PGPIO_3
INFO:root:sleeping for 15000ms
INFO:root:starting request
INFO:root:set relay 0 to 0
INFO:root:set relay 1 to 0
INFO:root:set relay 2 to 0
INFO:root:set tempsensor 0 with id 0300a279cd1d to 20.8125
WARNING:root:relay key epower_0_state for relay idx=0 was expected but not in response. This is normal before activation.
INFO:root:setting relay 1 (GPIO 201) to 0...
INFO:root:GPIO_NO= 201 STATE= 0
INFO:root:plugins read config
INFO:root:GPIO_NUM= 201
INFO:root:I = 0
INFO:root:Device Type= kasa   State= 0
INFO:root:Alias= PGPIO_1
INFO:root:GPIO_NUM= 202
INFO:root:GPIO_NUM= 203
INFO:root:received new target state 0 for epower_1_state
INFO:root:setting relay 2 (GPIO 202) to 0...
INFO:root:GPIO_NO= 202 STATE= 0
INFO:root:plugins read config
INFO:root:GPIO_NUM= 201
INFO:root:GPIO_NUM= 202
INFO:root:I = 1
INFO:root:Device Type= kasa   State= 0
INFO:root:Alias= PGPIO_2
INFO:root:GPIO_NUM= 203
INFO:root:received new target state 0 for epower_2_state
INFO:root:setting relay 3 (GPIO 203) to 0...
INFO:root:GPIO_NO= 203 STATE= 0
INFO:root:plugins read config
INFO:root:GPIO_NUM= 201
INFO:root:GPIO_NUM= 202
INFO:root:GPIO_NUM= 203
INFO:root:I = 2
INFO:root:Device Type= kasa   State= 0
INFO:root:Alias= PGPIO_3
INFO:root:sleeping for 15000ms
INFO:root:starting request
INFO:root:set relay 0 to 0
INFO:root:set relay 1 to 0
INFO:root:set relay 2 to 0
INFO:root:set tempsensor 0 with id 0300a279cd1d to 20.75
WARNING:root:relay key epower_0_state for relay idx=0 was expected but not in response. This is normal before activation.
INFO:root:setting relay 1 (GPIO 201) to 0...
INFO:root:GPIO_NO= 201 STATE= 0
INFO:root:plugins read config
INFO:root:GPIO_NUM= 201
INFO:root:I = 0
INFO:root:Device Type= kasa   State= 0
INFO:root:Alias= PGPIO_1
INFO:root:GPIO_NUM= 202
INFO:root:GPIO_NUM= 203
INFO:root:received new target state 0 for epower_1_state
INFO:root:setting relay 2 (GPIO 202) to 0...
INFO:root:GPIO_NO= 202 STATE= 0
INFO:root:plugins read config
INFO:root:GPIO_NUM= 201
INFO:root:GPIO_NUM= 202
INFO:root:I = 1
INFO:root:Device Type= kasa   State= 0
INFO:root:Alias= PGPIO_2
INFO:root:GPIO_NUM= 203
INFO:root:received new target state 0 for epower_2_state
INFO:root:setting relay 3 (GPIO 203) to 0...
INFO:root:GPIO_NO= 203 STATE= 0
INFO:root:plugins read config
INFO:root:GPIO_NUM= 201
INFO:root:GPIO_NUM= 202
INFO:root:GPIO_NUM= 203
INFO:root:I = 2
INFO:root:Device Type= kasa   State= 0
INFO:root:Alias= PGPIO_3
INFO:root:sleeping for 15000ms
INFO:root:starting request
INFO:root:set relay 0 to 0
INFO:root:set relay 1 to 0
INFO:root:set relay 2 to 0
INFO:root:set tempsensor 0 with id 0300a279cd1d to 20.75
WARNING:root:relay key epower_0_state for relay idx=0 was expected but not in response. This is normal before activation.
INFO:root:setting relay 1 (GPIO 201) to 0...
INFO:root:GPIO_NO= 201 STATE= 0
INFO:root:plugins read config
INFO:root:GPIO_NUM= 201
INFO:root:I = 0
INFO:root:Device Type= kasa   State= 0
INFO:root:Alias= PGPIO_1
INFO:root:GPIO_NUM= 202
INFO:root:GPIO_NUM= 203
INFO:root:received new target state 0 for epower_1_state
INFO:root:setting relay 2 (GPIO 202) to 0...
INFO:root:GPIO_NO= 202 STATE= 0
INFO:root:plugins read config
INFO:root:GPIO_NUM= 201
INFO:root:GPIO_NUM= 202
INFO:root:I = 1
INFO:root:Device Type= kasa   State= 0
INFO:root:Alias= PGPIO_2
INFO:root:GPIO_NUM= 203
INFO:root:received new target state 0 for epower_2_state
INFO:root:setting relay 3 (GPIO 203) to 0...
INFO:root:GPIO_NO= 203 STATE= 0
INFO:root:plugins read config
INFO:root:GPIO_NUM= 201
INFO:root:GPIO_NUM= 202
INFO:root:GPIO_NUM= 203
INFO:root:I = 2
INFO:root:Device Type= kasa   State= 0
INFO:root:Alias= PGPIO_3
INFO:root:sleeping for 15000ms
INFO:root:starting request
INFO:root:set relay 0 to 0
INFO:root:set relay 1 to 0
INFO:root:set relay 2 to 0
INFO:root:set tempsensor 0 with id 0300a279cd1d to 20.75
WARNING:root:relay key epower_0_state for relay idx=0 was expected but not in response. This is normal before activation.
INFO:root:setting relay 1 (GPIO 201) to 0...
INFO:root:GPIO_NO= 201 STATE= 0
INFO:root:plugins read config
INFO:root:GPIO_NUM= 201
INFO:root:I = 0
INFO:root:Device Type= kasa   State= 0
INFO:root:Alias= PGPIO_1
INFO:root:GPIO_NUM= 202
INFO:root:GPIO_NUM= 203
INFO:root:received new target state 0 for epower_1_state
INFO:root:setting relay 2 (GPIO 202) to 0...
INFO:root:GPIO_NO= 202 STATE= 0
INFO:root:plugins read config
INFO:root:GPIO_NUM= 201
INFO:root:GPIO_NUM= 202
INFO:root:I = 1
INFO:root:Device Type= kasa   State= 0
INFO:root:Alias= PGPIO_2
INFO:root:GPIO_NUM= 203
INFO:root:received new target state 0 for epower_2_state
INFO:root:setting relay 3 (GPIO 203) to 0...
INFO:root:GPIO_NO= 203 STATE= 0
INFO:root:plugins read config
INFO:root:GPIO_NUM= 201
INFO:root:GPIO_NUM= 202
INFO:root:GPIO_NUM= 203
INFO:root:I = 2
INFO:root:Device Type= kasa   State= 0
INFO:root:Alias= PGPIO_3
INFO:root:sleeping for 15000ms
INFO:root:starting request
INFO:root:set relay 0 to 0
INFO:root:set relay 1 to 0
INFO:root:set relay 2 to 0
INFO:root:set tempsensor 0 with id 0300a279cd1d to 20.6875
WARNING:root:relay key epower_0_state for relay idx=0 was expected but not in response. This is normal before activation.
INFO:root:setting relay 1 (GPIO 201) to 0...
INFO:root:GPIO_NO= 201 STATE= 0
INFO:root:plugins read config
INFO:root:GPIO_NUM= 201
INFO:root:I = 0
INFO:root:Device Type= kasa   State= 0
INFO:root:Alias= PGPIO_1
INFO:root:GPIO_NUM= 202
INFO:root:GPIO_NUM= 203
INFO:root:received new target state 0 for epower_1_state
INFO:root:setting relay 2 (GPIO 202) to 0...
INFO:root:GPIO_NO= 202 STATE= 0
INFO:root:plugins read config
INFO:root:GPIO_NUM= 201
INFO:root:GPIO_NUM= 202
INFO:root:I = 1
INFO:root:Device Type= kasa   State= 0
INFO:root:Alias= PGPIO_2
INFO:root:GPIO_NUM= 203
INFO:root:received new target state 0 for epower_2_state
INFO:root:setting relay 3 (GPIO 203) to 0...
INFO:root:GPIO_NO= 203 STATE= 0
INFO:root:plugins read config
INFO:root:GPIO_NUM= 201
INFO:root:GPIO_NUM= 202
INFO:root:GPIO_NUM= 203
INFO:root:I = 2
INFO:root:Device Type= kasa   State= 0
INFO:root:Alias= PGPIO_3
INFO:root:sleeping for 15000ms
INFO:root:starting request
INFO:root:set relay 0 to 0
INFO:root:set relay 1 to 0
INFO:root:set relay 2 to 0
INFO:root:set tempsensor 0 with id 0300a279cd1d to 20.6875
WARNING:root:relay key epower_0_state for relay idx=0 was expected but not in response. This is normal before activation.
INFO:root:setting relay 1 (GPIO 201) to 0...
INFO:root:GPIO_NO= 201 STATE= 0
INFO:root:plugins read config
INFO:root:GPIO_NUM= 201
INFO:root:I = 0
INFO:root:Device Type= kasa   State= 0
INFO:root:Alias= PGPIO_1
INFO:root:GPIO_NUM= 202
INFO:root:GPIO_NUM= 203
INFO:root:received new target state 0 for epower_1_state
INFO:root:setting relay 2 (GPIO 202) to 0...
INFO:root:GPIO_NO= 202 STATE= 0
INFO:root:plugins read config
INFO:root:GPIO_NUM= 201
INFO:root:GPIO_NUM= 202
INFO:root:I = 1
INFO:root:Device Type= kasa   State= 0
INFO:root:Alias= PGPIO_2
INFO:root:GPIO_NUM= 203
INFO:root:received new target state 0 for epower_2_state
INFO:root:setting relay 3 (GPIO 203) to 0...
INFO:root:GPIO_NO= 203 STATE= 0
INFO:root:plugins read config
INFO:root:GPIO_NUM= 201
INFO:root:GPIO_NUM= 202
INFO:root:GPIO_NUM= 203
INFO:root:I = 2
INFO:root:Device Type= kasa   State= 0
INFO:root:Alias= PGPIO_3
INFO:root:sleeping for 15000ms
INFO:root:starting request
INFO:root:set relay 0 to 0
INFO:root:set relay 1 to 0
INFO:root:set relay 2 to 0
INFO:root:set tempsensor 0 with id 0300a279cd1d to 20.625
WARNING:root:relay key epower_0_state for relay idx=0 was expected but not in response. This is normal before activation.
INFO:root:setting relay 1 (GPIO 201) to 0...
INFO:root:GPIO_NO= 201 STATE= 0
INFO:root:plugins read config
INFO:root:GPIO_NUM= 201
INFO:root:I = 0
INFO:root:Device Type= kasa   State= 0
INFO:root:Alias= PGPIO_1
INFO:root:GPIO_NUM= 202
INFO:root:GPIO_NUM= 203
INFO:root:received new target state 0 for epower_1_state
INFO:root:setting relay 2 (GPIO 202) to 0...
INFO:root:GPIO_NO= 202 STATE= 0
INFO:root:plugins read config
INFO:root:GPIO_NUM= 201
INFO:root:GPIO_NUM= 202
INFO:root:I = 1
INFO:root:Device Type= kasa   State= 0
INFO:root:Alias= PGPIO_2
INFO:root:GPIO_NUM= 203
INFO:root:received new target state 0 for epower_2_state
INFO:root:setting relay 3 (GPIO 203) to 0...
INFO:root:GPIO_NO= 203 STATE= 0
INFO:root:plugins read config
INFO:root:GPIO_NUM= 201
INFO:root:GPIO_NUM= 202
INFO:root:GPIO_NUM= 203
INFO:root:I = 2
INFO:root:Device Type= kasa   State= 0
INFO:root:Alias= PGPIO_3
INFO:root:sleeping for 15000ms
INFO:root:starting request
INFO:root:set relay 0 to 0
INFO:root:set relay 1 to 0
INFO:root:set relay 2 to 0
INFO:root:set tempsensor 0 with id 0300a279cd1d to 20.625
WARNING:root:relay key epower_0_state for relay idx=0 was expected but not in response. This is normal before activation.
INFO:root:setting relay 1 (GPIO 201) to 0...
INFO:root:GPIO_NO= 201 STATE= 0
INFO:root:plugins read config
INFO:root:GPIO_NUM= 201
INFO:root:I = 0
INFO:root:Device Type= kasa   State= 0
INFO:root:Alias= PGPIO_1
INFO:root:GPIO_NUM= 202
INFO:root:GPIO_NUM= 203
INFO:root:received new target state 0 for epower_1_state
INFO:root:setting relay 2 (GPIO 202) to 0...
INFO:root:GPIO_NO= 202 STATE= 0
INFO:root:plugins read config
INFO:root:GPIO_NUM= 201
INFO:root:GPIO_NUM= 202
INFO:root:I = 1
INFO:root:Device Type= kasa   State= 0
INFO:root:Alias= PGPIO_2
INFO:root:GPIO_NUM= 203
INFO:root:received new target state 0 for epower_2_state
INFO:root:setting relay 3 (GPIO 203) to 0...
INFO:root:GPIO_NO= 203 STATE= 0
INFO:root:plugins read config
INFO:root:GPIO_NUM= 201
INFO:root:GPIO_NUM= 202
INFO:root:GPIO_NUM= 203
INFO:root:I = 2
INFO:root:Device Type= kasa   State= 0
INFO:root:Alias= PGPIO_3
INFO:root:sleeping for 15000ms
INFO:root:starting request
INFO:root:set relay 0 to 0
INFO:root:set relay 1 to 0
INFO:root:set relay 2 to 0
INFO:root:set tempsensor 0 with id 0300a279cd1d to 20.5625
WARNING:root:relay key epower_0_state for relay idx=0 was expected but not in response. This is normal before activation.
INFO:root:setting relay 1 (GPIO 201) to 0...
INFO:root:GPIO_NO= 201 STATE= 0
INFO:root:plugins read config
INFO:root:GPIO_NUM= 201
INFO:root:I = 0
INFO:root:Device Type= kasa   State= 0
INFO:root:Alias= PGPIO_1
INFO:root:GPIO_NUM= 202
INFO:root:GPIO_NUM= 203
INFO:root:received new target state 0 for epower_1_state
INFO:root:setting relay 2 (GPIO 202) to 0...
INFO:root:GPIO_NO= 202 STATE= 0
INFO:root:plugins read config
INFO:root:GPIO_NUM= 201
INFO:root:GPIO_NUM= 202
INFO:root:I = 1
INFO:root:Device Type= kasa   State= 0
INFO:root:Alias= PGPIO_2
INFO:root:GPIO_NUM= 203
INFO:root:received new target state 0 for epower_2_state
INFO:root:setting relay 3 (GPIO 203) to 0...
INFO:root:GPIO_NO= 203 STATE= 0
INFO:root:plugins read config
INFO:root:GPIO_NUM= 201
INFO:root:GPIO_NUM= 202
INFO:root:GPIO_NUM= 203
INFO:root:I = 2
INFO:root:Device Type= kasa   State= 0
INFO:root:Alias= PGPIO_3
INFO:root:sleeping for 15000ms
INFO:root:starting request
INFO:root:set relay 0 to 0
INFO:root:set relay 1 to 0
INFO:root:set relay 2 to 0
INFO:root:set tempsensor 0 with id 0300a279cd1d to 20.5625
WARNING:root:relay key epower_0_state for relay idx=0 was expected but not in response. This is normal before activation.
INFO:root:setting relay 1 (GPIO 201) to 0...
INFO:root:GPIO_NO= 201 STATE= 0
INFO:root:plugins read config
INFO:root:GPIO_NUM= 201
INFO:root:I = 0
INFO:root:Device Type= kasa   State= 0
INFO:root:Alias= PGPIO_1
INFO:root:GPIO_NUM= 202
INFO:root:GPIO_NUM= 203
INFO:root:received new target state 0 for epower_1_state
INFO:root:setting relay 2 (GPIO 202) to 0...
INFO:root:GPIO_NO= 202 STATE= 0
INFO:root:plugins read config
INFO:root:GPIO_NUM= 201
INFO:root:GPIO_NUM= 202
INFO:root:I = 1
INFO:root:Device Type= kasa   State= 0
INFO:root:Alias= PGPIO_2
INFO:root:GPIO_NUM= 203
INFO:root:received new target state 0 for epower_2_state
INFO:root:setting relay 3 (GPIO 203) to 0...
INFO:root:GPIO_NO= 203 STATE= 0
INFO:root:plugins read config
INFO:root:GPIO_NUM= 201
INFO:root:GPIO_NUM= 202
INFO:root:GPIO_NUM= 203
INFO:root:I = 2
INFO:root:Device Type= kasa   State= 0
INFO:root:Alias= PGPIO_3
INFO:root:sleeping for 15000ms
INFO:root:starting request
INFO:root:set relay 0 to 0
INFO:root:set relay 1 to 0
INFO:root:set relay 2 to 0
INFO:root:set tempsensor 0 with id 0300a279cd1d to 20.5
WARNING:root:relay key epower_0_state for relay idx=0 was expected but not in response. This is normal before activation.
INFO:root:setting relay 1 (GPIO 201) to 0...
INFO:root:GPIO_NO= 201 STATE= 0
INFO:root:plugins read config
INFO:root:GPIO_NUM= 201
INFO:root:I = 0
INFO:root:Device Type= kasa   State= 0
INFO:root:Alias= PGPIO_1
INFO:root:GPIO_NUM= 202
INFO:root:GPIO_NUM= 203
INFO:root:received new target state 0 for epower_1_state
INFO:root:setting relay 2 (GPIO 202) to 0...
INFO:root:GPIO_NO= 202 STATE= 0
INFO:root:plugins read config
INFO:root:GPIO_NUM= 201
INFO:root:GPIO_NUM= 202
INFO:root:I = 1
INFO:root:Device Type= kasa   State= 0
INFO:root:Alias= PGPIO_2
INFO:root:GPIO_NUM= 203
INFO:root:received new target state 0 for epower_2_state
INFO:root:setting relay 3 (GPIO 203) to 0...
INFO:root:GPIO_NO= 203 STATE= 0
INFO:root:plugins read config
INFO:root:GPIO_NUM= 201
INFO:root:GPIO_NUM= 202
INFO:root:GPIO_NUM= 203
INFO:root:I = 2
INFO:root:Device Type= kasa   State= 0
INFO:root:Alias= PGPIO_3
INFO:root:sleeping for 15000ms
INFO:root:starting request
INFO:root:set relay 0 to 0
INFO:root:set relay 1 to 0
INFO:root:set relay 2 to 0
INFO:root:set tempsensor 0 with id 0300a279cd1d to 20.4375
WARNING:root:relay key epower_0_state for relay idx=0 was expected but not in response. This is normal before activation.
INFO:root:setting relay 1 (GPIO 201) to 0...
INFO:root:GPIO_NO= 201 STATE= 0
INFO:root:plugins read config
INFO:root:GPIO_NUM= 201
INFO:root:I = 0
INFO:root:Device Type= kasa   State= 0
INFO:root:Alias= PGPIO_1
INFO:root:GPIO_NUM= 202
INFO:root:GPIO_NUM= 203
INFO:root:received new target state 0 for epower_1_state
INFO:root:setting relay 2 (GPIO 202) to 0...
INFO:root:GPIO_NO= 202 STATE= 0
INFO:root:plugins read config
INFO:root:GPIO_NUM= 201
INFO:root:GPIO_NUM= 202
INFO:root:I = 1
INFO:root:Device Type= kasa   State= 0
INFO:root:Alias= PGPIO_2
INFO:root:GPIO_NUM= 203
INFO:root:received new target state 0 for epower_2_state
INFO:root:setting relay 3 (GPIO 203) to 0...
INFO:root:GPIO_NO= 203 STATE= 0
INFO:root:plugins read config
INFO:root:GPIO_NUM= 201
INFO:root:GPIO_NUM= 202
INFO:root:GPIO_NUM= 203
INFO:root:I = 2
INFO:root:Device Type= kasa   State= 0
INFO:root:Alias= PGPIO_3
INFO:root:sleeping for 15000ms
INFO:root:starting request
INFO:root:set relay 0 to 0
INFO:root:set relay 1 to 0
INFO:root:set relay 2 to 0
INFO:root:set tempsensor 0 with id 0300a279cd1d to 20.4375
WARNING:root:relay key epower_0_state for relay idx=0 was expected but not in response. This is normal before activation.
INFO:root:setting relay 1 (GPIO 201) to 0...
INFO:root:GPIO_NO= 201 STATE= 0
INFO:root:plugins read config
INFO:root:GPIO_NUM= 201
INFO:root:I = 0
INFO:root:Device Type= kasa   State= 0
INFO:root:Alias= PGPIO_1
INFO:root:GPIO_NUM= 202
INFO:root:GPIO_NUM= 203
INFO:root:received new target state 0 for epower_1_state
INFO:root:setting relay 2 (GPIO 202) to 0...
INFO:root:GPIO_NO= 202 STATE= 0
INFO:root:plugins read config
INFO:root:GPIO_NUM= 201
INFO:root:GPIO_NUM= 202
INFO:root:I = 1
INFO:root:Device Type= kasa   State= 0
INFO:root:Alias= PGPIO_2
INFO:root:GPIO_NUM= 203
INFO:root:received new target state 0 for epower_2_state
INFO:root:setting relay 3 (GPIO 203) to 0...
INFO:root:GPIO_NO= 203 STATE= 0
INFO:root:plugins read config
INFO:root:GPIO_NUM= 201
INFO:root:GPIO_NUM= 202
INFO:root:GPIO_NUM= 203
INFO:root:I = 2
INFO:root:Device Type= kasa   State= 0
INFO:root:Alias= PGPIO_3
INFO:root:sleeping for 15000ms
INFO:root:starting request
INFO:root:set relay 0 to 0
INFO:root:set relay 1 to 0
INFO:root:set relay 2 to 0
INFO:root:set tempsensor 0 with id 0300a279cd1d to 20.4375
WARNING:root:relay key epower_0_state for relay idx=0 was expected but not in response. This is normal before activation.
INFO:root:setting relay 1 (GPIO 201) to 0...
INFO:root:GPIO_NO= 201 STATE= 0
INFO:root:plugins read config
INFO:root:GPIO_NUM= 201
INFO:root:I = 0
INFO:root:Device Type= kasa   State= 0
INFO:root:Alias= PGPIO_1
INFO:root:GPIO_NUM= 202
INFO:root:GPIO_NUM= 203
INFO:root:received new target state 0 for epower_1_state
INFO:root:setting relay 2 (GPIO 202) to 0...
INFO:root:GPIO_NO= 202 STATE= 0
INFO:root:plugins read config
INFO:root:GPIO_NUM= 201
INFO:root:GPIO_NUM= 202
INFO:root:I = 1
INFO:root:Device Type= kasa   State= 0
INFO:root:Alias= PGPIO_2
INFO:root:GPIO_NUM= 203
INFO:root:received new target state 0 for epower_2_state
INFO:root:setting relay 3 (GPIO 203) to 0...
INFO:root:GPIO_NO= 203 STATE= 0
INFO:root:plugins read config
INFO:root:GPIO_NUM= 201
INFO:root:GPIO_NUM= 202
INFO:root:GPIO_NUM= 203
INFO:root:I = 2
INFO:root:Device Type= kasa   State= 0
INFO:root:Alias= PGPIO_3
INFO:root:sleeping for 15000ms
INFO:root:starting request
INFO:root:set relay 0 to 0
INFO:root:set relay 1 to 0
INFO:root:set relay 2 to 0
INFO:root:set tempsensor 0 with id 0300a279cd1d to 20.4375
WARNING:root:relay key epower_0_state for relay idx=0 was expected but not in response. This is normal before activation.
INFO:root:setting relay 1 (GPIO 201) to 0...
INFO:root:GPIO_NO= 201 STATE= 0
INFO:root:plugins read config
INFO:root:GPIO_NUM= 201
INFO:root:I = 0
INFO:root:Device Type= kasa   State= 0
INFO:root:Alias= PGPIO_1
INFO:root:GPIO_NUM= 202
INFO:root:GPIO_NUM= 203
INFO:root:received new target state 0 for epower_1_state
INFO:root:setting relay 2 (GPIO 202) to 0...
INFO:root:GPIO_NO= 202 STATE= 0
INFO:root:plugins read config
INFO:root:GPIO_NUM= 201
INFO:root:GPIO_NUM= 202
INFO:root:I = 1
INFO:root:Device Type= kasa   State= 0
INFO:root:Alias= PGPIO_2
INFO:root:GPIO_NUM= 203
INFO:root:received new target state 0 for epower_2_state
INFO:root:setting relay 3 (GPIO 203) to 0...
INFO:root:GPIO_NO= 203 STATE= 0
INFO:root:plugins read config
INFO:root:GPIO_NUM= 201
INFO:root:GPIO_NUM= 202
INFO:root:GPIO_NUM= 203
INFO:root:I = 2
INFO:root:Device Type= kasa   State= 0
INFO:root:Alias= PGPIO_3
INFO:root:sleeping for 15000ms
INFO:root:starting request
INFO:root:set relay 0 to 0
INFO:root:set relay 1 to 0
INFO:root:set relay 2 to 0
INFO:root:set tempsensor 0 with id 0300a279cd1d to 20.375
WARNING:root:relay key epower_0_state for relay idx=0 was expected but not in response. This is normal before activation.
INFO:root:setting relay 1 (GPIO 201) to 0...
INFO:root:GPIO_NO= 201 STATE= 0
INFO:root:plugins read config
INFO:root:GPIO_NUM= 201
INFO:root:I = 0
INFO:root:Device Type= kasa   State= 0
INFO:root:Alias= PGPIO_1
INFO:root:GPIO_NUM= 202
INFO:root:GPIO_NUM= 203
INFO:root:received new target state 0 for epower_1_state
INFO:root:setting relay 2 (GPIO 202) to 0...
INFO:root:GPIO_NO= 202 STATE= 0
INFO:root:plugins read config
INFO:root:GPIO_NUM= 201
INFO:root:GPIO_NUM= 202
INFO:root:I = 1
INFO:root:Device Type= kasa   State= 0
INFO:root:Alias= PGPIO_2
INFO:root:GPIO_NUM= 203
INFO:root:received new target state 0 for epower_2_state
INFO:root:setting relay 3 (GPIO 203) to 0...
INFO:root:GPIO_NO= 203 STATE= 0
INFO:root:plugins read config
INFO:root:GPIO_NUM= 201
INFO:root:GPIO_NUM= 202
INFO:root:GPIO_NUM= 203
INFO:root:I = 2
INFO:root:Device Type= kasa   State= 0
INFO:root:Alias= PGPIO_3
INFO:root:sleeping for 15000ms
INFO:root:starting request
INFO:root:set relay 0 to 0
INFO:root:set relay 1 to 0
INFO:root:set relay 2 to 0
INFO:root:set tempsensor 0 with id 0300a279cd1d to 20.375
WARNING:root:relay key epower_0_state for relay idx=0 was expected but not in response. This is normal before activation.
INFO:root:setting relay 1 (GPIO 201) to 0...
INFO:root:GPIO_NO= 201 STATE= 0
INFO:root:plugins read config
INFO:root:GPIO_NUM= 201
INFO:root:I = 0
INFO:root:Device Type= kasa   State= 0
INFO:root:Alias= PGPIO_1
INFO:root:GPIO_NUM= 202
INFO:root:GPIO_NUM= 203
INFO:root:received new target state 0 for epower_1_state
INFO:root:setting relay 2 (GPIO 202) to 0...
INFO:root:GPIO_NO= 202 STATE= 0
INFO:root:plugins read config
INFO:root:GPIO_NUM= 201
INFO:root:GPIO_NUM= 202
INFO:root:I = 1
INFO:root:Device Type= kasa   State= 0
INFO:root:Alias= PGPIO_2
INFO:root:GPIO_NUM= 203
INFO:root:received new target state 0 for epower_2_state
INFO:root:setting relay 3 (GPIO 203) to 0...
INFO:root:GPIO_NO= 203 STATE= 0
INFO:root:plugins read config
INFO:root:GPIO_NUM= 201
INFO:root:GPIO_NUM= 202
INFO:root:GPIO_NUM= 203
INFO:root:I = 2
INFO:root:Device Type= kasa   State= 0
INFO:root:Alias= PGPIO_3
INFO:root:sleeping for 15000ms
INFO:root:starting request
INFO:root:set relay 0 to 0
INFO:root:set relay 1 to 0
INFO:root:set relay 2 to 0
INFO:root:set tempsensor 0 with id 0300a279cd1d to 20.375
WARNING:root:relay key epower_0_state for relay idx=0 was expected but not in response. This is normal before activation.
INFO:root:setting relay 1 (GPIO 201) to 0...
INFO:root:GPIO_NO= 201 STATE= 0
INFO:root:plugins read config
INFO:root:GPIO_NUM= 201
INFO:root:I = 0
INFO:root:Device Type= kasa   State= 0
INFO:root:Alias= PGPIO_1
INFO:root:GPIO_NUM= 202
INFO:root:GPIO_NUM= 203
INFO:root:received new target state 0 for epower_1_state
INFO:root:setting relay 2 (GPIO 202) to 0...
INFO:root:GPIO_NO= 202 STATE= 0
INFO:root:plugins read config
INFO:root:GPIO_NUM= 201
INFO:root:GPIO_NUM= 202
INFO:root:I = 1
INFO:root:Device Type= kasa   State= 0
INFO:root:Alias= PGPIO_2
INFO:root:GPIO_NUM= 203
INFO:root:received new target state 0 for epower_2_state
INFO:root:setting relay 3 (GPIO 203) to 0...
INFO:root:GPIO_NO= 203 STATE= 0
INFO:root:plugins read config
INFO:root:GPIO_NUM= 201
INFO:root:GPIO_NUM= 202
INFO:root:GPIO_NUM= 203
INFO:root:I = 2
INFO:root:Device Type= kasa   State= 0
INFO:root:Alias= PGPIO_3
INFO:root:sleeping for 15000ms
INFO:root:starting request
INFO:root:set relay 0 to 0
INFO:root:set relay 1 to 0
INFO:root:set relay 2 to 0
INFO:root:set tempsensor 0 with id 0300a279cd1d to 20.375
WARNING:root:relay key epower_0_state for relay idx=0 was expected but not in response. This is normal before activation.
INFO:root:setting relay 1 (GPIO 201) to 0...
INFO:root:GPIO_NO= 201 STATE= 0
INFO:root:plugins read config
INFO:root:GPIO_NUM= 201
INFO:root:I = 0
INFO:root:Device Type= kasa   State= 0
INFO:root:Alias= PGPIO_1
INFO:root:GPIO_NUM= 202
INFO:root:GPIO_NUM= 203
INFO:root:received new target state 0 for epower_1_state
INFO:root:setting relay 2 (GPIO 202) to 0...
INFO:root:GPIO_NO= 202 STATE= 0
INFO:root:plugins read config
INFO:root:GPIO_NUM= 201
INFO:root:GPIO_NUM= 202
INFO:root:I = 1
INFO:root:Device Type= kasa   State= 0
INFO:root:Alias= PGPIO_2
INFO:root:GPIO_NUM= 203
INFO:root:received new target state 0 for epower_2_state
INFO:root:setting relay 3 (GPIO 203) to 0...
INFO:root:GPIO_NO= 203 STATE= 0
INFO:root:plugins read config
INFO:root:GPIO_NUM= 201
INFO:root:GPIO_NUM= 202
INFO:root:GPIO_NUM= 203
INFO:root:I = 2
INFO:root:Device Type= kasa   State= 0
INFO:root:Alias= PGPIO_3
INFO:root:sleeping for 15000ms
INFO:root:starting request
INFO:root:set relay 0 to 0
INFO:root:set relay 1 to 0
INFO:root:set relay 2 to 0
INFO:root:set tempsensor 0 with id 0300a279cd1d to 20.3125
WARNING:root:relay key epower_0_state for relay idx=0 was expected but not in response. This is normal before activation.
INFO:root:setting relay 1 (GPIO 201) to 0...
INFO:root:GPIO_NO= 201 STATE= 0
INFO:root:plugins read config
INFO:root:GPIO_NUM= 201
INFO:root:I = 0
INFO:root:Device Type= kasa   State= 0
INFO:root:Alias= PGPIO_1
INFO:root:GPIO_NUM= 202
INFO:root:GPIO_NUM= 203
INFO:root:received new target state 0 for epower_1_state
INFO:root:setting relay 2 (GPIO 202) to 0...
INFO:root:GPIO_NO= 202 STATE= 0
INFO:root:plugins read config
INFO:root:GPIO_NUM= 201
INFO:root:GPIO_NUM= 202
INFO:root:I = 1
INFO:root:Device Type= kasa   State= 0
INFO:root:Alias= PGPIO_2
INFO:root:GPIO_NUM= 203
INFO:root:received new target state 0 for epower_2_state
INFO:root:setting relay 3 (GPIO 203) to 0...
INFO:root:GPIO_NO= 203 STATE= 0
INFO:root:plugins read config
INFO:root:GPIO_NUM= 201
INFO:root:GPIO_NUM= 202
INFO:root:GPIO_NUM= 203
INFO:root:I = 2
INFO:root:Device Type= kasa   State= 0
INFO:root:Alias= PGPIO_3
INFO:root:sleeping for 15000ms
INFO:root:starting request
INFO:root:set relay 0 to 0
INFO:root:set relay 1 to 0
INFO:root:set relay 2 to 0
INFO:root:set tempsensor 0 with id 0300a279cd1d to 20.3125
WARNING:root:relay key epower_0_state for relay idx=0 was expected but not in response. This is normal before activation.
INFO:root:setting relay 1 (GPIO 201) to 0...
INFO:root:GPIO_NO= 201 STATE= 0
INFO:root:plugins read config
INFO:root:GPIO_NUM= 201
INFO:root:I = 0
INFO:root:Device Type= kasa   State= 0
INFO:root:Alias= PGPIO_1
INFO:root:GPIO_NUM= 202
INFO:root:GPIO_NUM= 203
INFO:root:received new target state 0 for epower_1_state
INFO:root:setting relay 2 (GPIO 202) to 0...
INFO:root:GPIO_NO= 202 STATE= 0
INFO:root:plugins read config
INFO:root:GPIO_NUM= 201
INFO:root:GPIO_NUM= 202
INFO:root:I = 1
INFO:root:Device Type= kasa   State= 0
INFO:root:Alias= PGPIO_2
INFO:root:GPIO_NUM= 203
INFO:root:received new target state 0 for epower_2_state
INFO:root:setting relay 3 (GPIO 203) to 0...
INFO:root:GPIO_NO= 203 STATE= 0
INFO:root:plugins read config
INFO:root:GPIO_NUM= 201
INFO:root:GPIO_NUM= 202
INFO:root:GPIO_NUM= 203
INFO:root:I = 2
INFO:root:Device Type= kasa   State= 0
INFO:root:Alias= PGPIO_3
INFO:root:sleeping for 15000ms
